#
# There is insufficient memory for the Java Runtime Environment to continue.
# Native memory allocation (malloc) failed to allocate 1332496 bytes. Error detail: Chunk::new
# Possible reasons:
#   The system is out of physical RAM or swap space
#   This process is running with CompressedOops enabled, and the Java Heap may be blocking the growth of the native heap
# Possible solutions:
#   Reduce memory load on the system
#   Increase physical memory or swap space
#   Check if swap backing store is full
#   Decrease Java heap size (-Xmx/-Xms)
#   Decrease number of Java threads
#   Decrease Java thread stack sizes (-Xss)
#   Set larger code cache with -XX:ReservedCodeCacheSize=
#   JVM is running with Unscaled Compressed Oops mode in which the Java heap is
#     placed in the first 4GB address space. The Java Heap base address is the
#     maximum limit for the native heap growth. Please use -XX:HeapBaseMinAddress
#     to set the Java Heap base and to place the Java Heap above 4GB virtual address.
# This output file may be truncated or incomplete.
#
#  Out of Memory Error (arena.cpp:191), pid=48296, tid=47852
#
# JRE version: OpenJDK Runtime Environment Temurin-17.0.14+7 (17.0.14+7) (build 17.0.14+7)
# Java VM: OpenJDK 64-Bit Server VM Temurin-17.0.14+7 (17.0.14+7, mixed mode, tiered, compressed oops, compressed class ptrs, g1 gc, windows-amd64)
# No core dump will be written. Minidumps are not enabled by default on client versions of Windows
#

---------------  S U M M A R Y ------------

Command Line: -Dgroovy.home=C:\Users\Nurul Handayani/.groovy -Djava.system.class.loader=groovy.lang.GroovyClassLoader -Xmx2048m -Dfile.encoding=UTF-8 -XX:+ShowCodeDetailsInExceptionMessages org.codehaus.groovy.tools.GroovyStarter --classpath C:\Users\Nurul Handayani\Katalon Studio\Voila.id\bin\keyword;C:\Users\Nurul Handayani\Katalon Studio\Voila.id\Keywords;C:\Users\Nurul Handayani\Katalon Studio\Voila.id\bin\listener;C:\Users\Nurul Handayani\Katalon Studio\Voila.id\Test Listeners;C:\Users\Nurul Handayani\Katalon Studio\Voila.id\bin\lib;C:\Users\Nurul Handayani\Katalon Studio\Voila.id\Libs;C:\Users\Nurul Handayani\Katalon Studio\Voila.id\bin\groovy;C:\Users\Nurul Handayani\Katalon Studio\Voila.id\Include\scripts\groovy;C:\Users\Nurul Handayani\.katalon\packages\KS-10.1.1\plugins\com.kms.katalon.core_1.0.0.202503120557.jar;C:\Users\Nurul Handayani\.katalon\packages\KS-10.1.1\configuration\resources\lib\aalto-xml-1.0.0.jar;C:\Users\Nurul Handayani\.katalon\packages\KS-10.1.1\configuration\resources\lib\aspectjweaver-1.9.1.jar;C:\Users\Nurul Handayani\.katalon\packages\KS-10.1.1\configuration\resources\lib\aws-2.20.3-fat.jar;C:\Users\Nurul Handayani\.katalon\packages\KS-10.1.1\configuration\resources\lib\bcpkix-jdk15on-1.64.jar;C:\Users\Nurul Handayani\.katalon\packages\KS-10.1.1\configuration\resources\lib\bcprov-jdk15on-1.64.jar;C:\Users\Nurul Handayani\.katalon\packages\KS-10.1.1\configuration\resources\lib\browsermob-core-2.1.5.jar;C:\Users\Nurul Handayani\.katalon\packages\KS-10.1.1\configuration\resources\lib\byte-buddy-1.14.3.jar;C:\Users\Nurul Handayani\.katalon\packages\KS-10.1.1\configuration\resources\lib\byte-buddy-agent-1.14.3.jar;C:\Users\Nurul Handayani\.katalon\packages\KS-10.1.1\configuration\resources\lib\cglib-3.2.10.jar;C:\Users\Nurul Handayani\.katalon\packages\KS-10.1.1\configuration\resources\lib\commons-codec-1.10.jar;C:\Users\Nurul Handayani\.katalon\packages\KS-10.1.1\configuration\resources\lib\commons-collections4-4.1.jar;C:\Users\Nurul Handayani\.katalon\packages\KS-10.1.1\configuration\resources\lib\commons-validator-1.6.jar;C:\Users\Nurul Handayani\.katalon\packages\KS-10.1.1\configuration\resources\lib\curvesapi-1.04.jar;C:\Users\Nurul Handayani\.katalon\packages\KS-10.1.1\configuration\resources\lib\dnsjava-3.6.2.jar;C:\Users\Nurul Handayani\.katalon\packages\KS-10.1.1\configuration\resources\lib\groovy-3.0.17.jar;C:\Users\Nurul Handayani\.katalon\packages\KS-10.1.1\configuration\resources\lib\jackson-coreutils-2.0.jar;C:\Users\Nurul Handayani\.katalon\packages\KS-10.1.1\configuration\resources\lib\jackson-coreutils-equivalence-1.0.jar;C:\Users\Nurul Handayani\.katalon\packages\KS-10.1.1\configuration\resources\lib\java-client-9.2.3.jar;C:\Users\Nurul Handayani\.katalon\packages\KS-10.1.1\configuration\resources\lib\javax.servlet-api_3.1.0.jar;C:\Users\Nurul Handayani\.katalon\packages\KS-10.1.1\configuration\resources\lib\jna-5.12.1.jar;C:\Users\Nurul Handayani\.katalon\packages\KS-10.1.1\configuration\resources\lib\jna-platform-5.12.1.jar;C:\Users\Nurul Handayani\.katalon\packages\KS-10.1.1\configuration\resources\lib\json-schema-core-1.2.14.jar;C:\Users\Nurul Handayani\.katalon\packages\KS-10.1.1\configuration\resources\lib\json-schema-validator-2.2.14.jar;C:\Users\Nurul Handayani\.katalon\packages\KS-10.1.1\configuration\resources\lib\jzlib-1.1.3.jar;C:\Users\Nurul Handayani\.katalon\packages\KS-10.1.1\configuration\resources\lib\kat-server.jar;C:\Users\Nurul Handayani\.katalon\packages\KS-10.1.1\configuration\resources\lib\littleproxy-1.1.0-beta-bmp-17.jar;C:\Users\Nurul Handayani\.katalon\packages\KS-10.1.1\configuration\resources\lib\log4j-1.2-api-2.17.1.jar;C:\Users\Nurul Handayani\.katalon\packages\KS-10.1.1\configuration\resources\lib\log4j-api-2.17.1.jar;C:\Users\Nurul Handayani\.katalon\packages\KS-10.1.1\configuration\resources\lib\log4j-core-2.17.1.jar;C:\Users\Nurul Handayani\.katalon\packages\KS-10.1.1\configuration\resources\lib\mitm-2.1.5.jar;C:\Users\Nurul Handayani\.katalon\packages\KS-10.1.1\configuration\resources\lib\mockito-core-5.2.0.jar;C:\Users\Nurul Handayani\.katalon\packages\KS-10.1.1\configuration\resources\lib\mockito-inline-5.2.0.jar;C:\Users\Nurul Handayani\.katalon\packages\KS-10.1.1\configuration\resources\lib\netty-all-4.1.109.Final.jar;C:\Users\Nurul Handayani\.katalon\packages\KS-10.1.1\configuration\resources\lib\objenesis-3.3.jar;C:\Users\Nurul Handayani\.katalon\packages\KS-10.1.1\configuration\resources\lib\poi-3.17.jar;C:\Users\Nurul Handayani\.katalon\packages\KS-10.1.1\configuration\resources\lib\poi-ooxml-3.17.jar;C:\Users\Nurul Handayani\.katalon\packages\KS-10.1.1\configuration\resources\lib\poi-ooxml-schemas-3.17.jar;C:\Users\Nurul Handayani\.katalon\packages\KS-10.1.1\configuration\resources\lib\proxy-vole-1.1.5-jar-with-dependencies.jar;C:\Users\Nurul Handayani\.katalon\packages\KS-10.1.1\configuration\resources\lib\repackaged-sikuli-api-1.0.2-standalone.jar;C:\Users\Nurul Handayani\.katalon\packages\KS-10.1.1\configuration\resources\lib\selenium-server-4.22.0.jar;C:\Users\Nurul Handayani\.katalon\packages\KS-10.1.1\configuration\resources\lib\selenium-shutterbug-1.1.jar;C:\Users\Nurul Handayani\.katalon\packages\KS-10.1.1\configuration\resources\lib\slf4j-api-1.7.25.jar;C:\Users\Nurul Handayani\.katalon\packages\KS-10.1.1\configuration\resources\lib\soap-builder-1.0.0.jar;C:\Users\Nurul Handayani\.katalon\packages\KS-10.1.1\configuration\resources\lib\soap-common-1.0.0.jar;C:\Users\Nurul Handayani\.katalon\packages\KS-10.1.1\configuration\resources\lib\soap-legacy-1.0.0.jar;C:\Users\Nurul Handayani\.katalon\packages\KS-10.1.1\configuration\resources\lib\spring-context-5.3.19.jar;C:\Users\Nurul Handayani\.katalon\packages\KS-10.1.1\configuration\resources\lib\stax2-api-4.0.0.jar;C:\Users\Nurul Handayani\.katalon\packages\KS-10.1.1\configuration\resources\lib\su.jar;C:\Users\Nurul Handayani\.katalon\packages\KS-10.1.1\configuration\resources\lib\swagger-parser-1.0.67-fat.jar;C:\Users\Nurul Handayani\.katalon\packages\KS-10.1.1\configuration\resources\lib\testng-7.8.0.jar;C:\Users\Nurul Handayani\.katalon\packages\KS-10.1.1\configuration\resources\lib\uri-template-0.1.jar;C:\Users\Nurul Handayani\.katalon\packages\KS-10.1.1\configuration\resources\lib\wadl.jar;C:\Users\Nurul Handayani\.katalon\packages\KS-10.1.1\configuration\resources\lib\xmlbeans-3.1.0.jar;C:\Users\Nurul Handayani\.katalon\packages\KS-10.1.1\plugins\net.sf.supercsv.super-csv_2.1.0.jar;C:\Users\Nurul Handayani\.katalon\packages\KS-10.1.1\plugins\org.apache.commons.commons-io_2.15.1.jar;C:\Users\Nurul Handayani\.katalon\packages\KS-10.1.1\plugins\org.apache.commons.lang_2.6.0.jar;C:\Users\Nurul Handayani\.katalon\packages\KS-10.1.1\plugins\com.google.gson_2.10.1.v20230109-0753.jar;C:\Users\Nurul Handayani\.katalon\packages\KS-10.1.1\plugins\org.jsoup_1.14.3.jar;C:\Users\Nurul Handayani\.katalon\packages\KS-10.1.1\plugins\org.apache.commons.dbutils_1.6.0.jar;C:\Users\Nurul Handayani\.katalon\packages\KS-10.1.1\plugins\com.oracle.jdbc.ojdbc7_12.1.0.2.jar;C:\Users\Nurul Handayani\.katalon\packages\KS-10.1.1\plugins\org.postgresql.jdbc_42.7.3.jar;c:\Users\Nurul Handayani\.katalon\packages\KS-10.1.1\plugins\org.eclipse.osgi_3.18.300.v20230220-1352.jar;C:\Users\Nurul Handayani\.katalon\packages\KS-10.1.1\plugins\com.kms.katalon.constant_1.0.0.202503120557.jar;C:\Users\Nurul Handayani\.katalon\packages\KS-10.1.1\plugins\org.eclipse.persistence.eclipselink_2.7.11.jar;C:\Users\Nurul Handayani\.katalon\packages\KS-10.1.1\plugins\com.kms.katalon.selenium-standalone_1.0.0.202503120557.jar;C:\Users\Nurul Handayani\.katalon\packages\KS-10.1.1\plugins\atu.testrecorder.screen-recorder_2.1.0.jar;C:\Users\Nurul Handayani\.katalon\packages\KS-10.1.1\plugins\com.google.guava_32.0.0.jre.jar;C:\Users\Nurul Handayani\.katalon\packages\KS-10.1.1\plugins\com.kms.katalon.util_1.0.0.202503120557.jar;C:\Users\Nurul Handayani\.katalon\packages\KS-10.1.1\plugins\org.apache.httpcomponents.httpclient_4.5.14.v20221207-1049.jar;C:\Users\Nurul Handayani\.katalon\packages\KS-10.1.1\plugins\org.apache.httpcomponents.httpcore_4.4.16.v20221207-1049.jar;C:\Users\Nurul Handayani\.katalon\packages\KS-10.1.1\plugins\org.apache.httpcomponents.httpmime_4.5.13.jar;C:\Users\Nurul Handayani\.katalon\packages\KS-10.1.1\plugins\org.apache.commons.lang3_3.14.0.jar;C:\Users\Nurul Handayani\.katalon\packages\KS-10.1.1\plugins\org.greenrobot.eventbus_3.1.1.jar;C:\Users\Nurul Handayani\.katalon\packages\KS-10.1.1\plugins\net.bytebuddy.byte-buddy_1.14.15.jar;C:\Users\Nurul Handayani\.katalon\packages\KS-10.1.1\plugins\org.junit_4.13.2.v20211018-1956.jar;C:\Users\Nurul Handayani\.katalon\packages\KS-10.1.1\plugins\com.fasterxml.jackson.core.jackson-databind_2.17.2.jar;C:\Users\Nurul Handayani\.katalon\packages\KS-10.1.1\plugins\com.fasterxml.jackson.core.jackson-core_2.17.2.jar;C:\Users\Nurul Handayani\.katalon\packages\KS-10.1.1\plugins\com.fasterxml.jackson.core.jackson-annotations_2.17.2.jar;C:\Users\Nurul Handayani\.katalon\packages\KS-10.1.1\plugins\ch.qos.logback.classic_1.2.13.jar;C:\Users\Nurul Handayani\.katalon\packages\KS-10.1.1\plugins\ch.qos.logback.core_1.2.13.jar;C:\Users\Nurul Handayani\.katalon\packages\KS-10.1.1\plugins\slf4j.api_1.7.36.jar;C:\Users\Nurul Handayani\.katalon\packages\KS-10.1.1\plugins\org.fusesource.jansi_1.17.1.jar;C:\Users\Nurul Handayani\.katalon\packages\KS-10.1.1\plugins\com.kms.katalon.netlightbody_1.0.0.202503120557.jar;C:\Users\Nurul Handayani\.katalon\packages\KS-10.1.1\plugins\com.kms.katalon.poi_1.0.0.202503120557.jar;C:\Users\Nurul Handayani\.katalon\packages\KS-10.1.1\plugins\org.apache.commons.commons-text_1.10.0.jar;C:\Users\Nurul Handayani\.katalon\packages\KS-10.1.1\plugins\com.kms.katalon.proxyvole_1.0.0.202503120557.jar;C:\Users\Nurul Handayani\.katalon\packages\KS-10.1.1\plugins\com.microsoft.sqlserver.mssql-jdbc_6.2.2.jre8.jar;C:\Users\Nurul Handayani\.katalon\packages\KS-10.1.1\plugins\com.github.kklisura.cdt.java-client_2.1.0.jar;C:\Users\Nurul Handayani\.katalon\packages\KS-10.1.1\plugins\javax.websocket-api_1.1.0.jar;C:\Users\Nurul Handayani\.katalon\packages\KS-10.1.1\plugins\org.glassfish.tyrus.container-grizzly-client_1.13.1.jar;C:\Users\Nurul Handayani\.katalon\packages\KS-10.1.1\plugins\org.glassfish.grizzly.http-server_2.3.25.jar;C:\Users\Nurul Handayani\.katalon\packages\KS-10.1.1\plugins\org.glassfish.grizzly.framework_2.3.25.jar;C:\Users\Nurul Handayani\.katalon\packages\KS-10.1.1\plugins\org.glassfish.grizzly.http_2.3.25.jar;C:\Users\Nurul Handayani\.katalon\packages\KS-10.1.1\plugins\org.glassfish.tyrus.client_1.13.1.jar;C:\Users\Nurul Handayani\.katalon\packages\KS-10.1.1\plugins\org.glassfish.tyrus.core_1.13.1.jar;C:\Users\Nurul Handayani\.katalon\packages\KS-10.1.1\plugins\org.glassfish.tyrus.spi_1.13.1.jar;C:\Users\Nurul Handayani\.katalon\packages\KS-10.1.1\plugins\javassist_3.28.0.GA.jar;C:\Users\Nurul Handayani\.katalon\packages\KS-10.1.1\plugins\graphql-java_22.3.0.jar;C:\Users\Nurul Handayani\.katalon\packages\KS-10.1.1\plugins\org.glassfish.jaxb.runtime_2.3.6.jar;C:\Users\Nurul Handayani\.katalon\packages\KS-10.1.1\plugins\org.glassfish.jaxb.txw2_2.3.6.jar;C:\Users\Nurul Handayani\.katalon\packages\KS-10.1.1\plugins\org.dom4j_2.1.4.jar;C:\Users\Nurul Handayani\.katalon\packages\KS-10.1.1\plugins\com.kms.katalon.groovy-extended_1.0.0.202503120557.jar;C:\Users\Nurul Handayani\.katalon\packages\KS-10.1.1\plugins\com.sun.activation.javax.activation_1.2.0.jar;C:\Users\Nurul Handayani\.katalon\packages\KS-10.1.1\plugins\jakarta.xml.bind-api_2.3.3.jar;C:\Users\Nurul Handayani\.katalon\packages\KS-10.1.1\plugins\com.sun.xml.bind.jaxb-impl_2.3.6.jar;C:\Users\Nurul Handayani\.katalon\packages\KS-10.1.1\plugins\org.eclipse.jface_3.29.0.v20230214-1401.jar;C:\Users\Nurul Handayani\.katalon\packages\KS-10.1.1\plugins\com.kms.katalon.logging_1.0.0.202503120557.jar;C:\Users\Nurul Handayani\.katalon\packages\KS-10.1.1\plugins\json_20240303.0.0.jar;C:\Users\Nurul Handayani\.katalon\packages\KS-10.1.1\plugins\assertj-core_3.25.3.jar;C:\Users\Nurul Handayani\.katalon\packages\KS-10.1.1\plugins\com.networknt.json-schema-validator_1.0.66.jar;C:\Users\Nurul Handayani\.katalon\packages\KS-10.1.1\plugins\com.kms.katalon.network.apache_1.0.0.202503120557.jar;C:\Users\Nurul Handayani\.katalon\packages\KS-10.1.1\plugins\java-dataloader_3.3.0.jar;C:\Users\Nurul Handayani\.katalon\packages\KS-10.1.1\plugins\org.apache.commons.logging_1.2.0.v20180409-1502.jar;C:\Users\Nurul Handayani\.katalon\packages\KS-10.1.1\plugins\org.hamcrest.core_1.3.0.v20180420-1519.jar;C:\Users\Nurul Handayani\.katalon\packages\KS-10.1.1\plugins\org.beanshell.bsh_2.0.0.0b4.jar;C:\Users\Nurul Handayani\.katalon\packages\KS-10.1.1\plugins\org.apache.ant.launcher_1.9.6.jar;C:\Users\Nurul Handayani\.katalon\packages\KS-10.1.1\plugins\com.kms.katalon.core.appium_1.0.0.202503120557.jar;C:\Users\Nurul Handayani\.katalon\packages\KS-10.1.1\plugins\com.kms.katalon.api_1.0.0.202503120557.jar;C:\Users\Nurul Handayani\.katalon\packages\KS-10.1.1\plugins\org.eclipse.equinox.common_3.17.100.v20230202-1341.jar;C:\Users\Nurul Handayani\.katalon\packages\KS-10.1.1\plugins\com.kms.katalon.platform.core_1.0.0.202503120557.jar;C:\Users\Nurul Handayani\.katalon\packages\KS-10.1.1\plugins\com.kms.katalon.common_1.0.0.202503120557.jar;C:\Users\Nurul Handayani\.katalon\packages\KS-10.1.1\plugins\com.kms.katalon.session.core_1.0.0.202503120557.jar;C:\Users\Nurul Handayani\.katalon\packages\KS-10.1.1\plugins\org.eclipse.e4.core.contexts_1.11.0.v20220716-0839.jar;C:\Users\Nurul Handayani\.katalon\packages\KS-10.1.1\plugins\javax.inject_1.0.0.v20220405-0441.jar;C:\Users\Nurul Handayani\.katalon\packages\KS-10.1.1\plugins\org.eclipse.e4.core.di_1.8.300.v20220817-1539.jar;C:\Users\Nurul Handayani\.katalon\packages\KS-10.1.1\plugins\com.kms.katalon.network.core_1.0.0.202503120557.jar;C:\Users\Nurul Handayani\.katalon\packages\KS-10.1.1\plugins\com.kms.katalon.execution.core_1.0.0.202503120557.jar;C:\Users\Nurul Handayani\.katalon\packages\KS-10.1.1\plugins\org.eclipse.equinox.registry_3.11.200.v20220817-1601.jar;C:\Users\Nurul Handayani\.katalon\packages\KS-10.1.1\plugins\dev.failsafe_3.3.2.jar;C:\Users\Nurul Handayani\.katalon\packages\KS-10.1.1\plugins\com.fasterxml.jackson.datatype.jackson-datatype-jsr310_2.17.2.jar;C:\Users\Nurul Handayani\.katalon\packages\KS-10.1.1\plugins\org.eclipse.e4.core.di.annotations_1.7.200.v20220613-1008.jar;C:\Users\Nurul Handayani\.katalon\packages\KS-10.1.1\plugins\com.kms.katalon.core.webui_1.0.0.202503120557.jar;C:\Users\Nurul Handayani\.katalon\packages\KS-10.1.1\plugins\org.eclipse.e4.core.services_2.3.400.v20220915-1347.jar;C:\Users\Nurul Handayani\.katalon\packages\KS-10.1.1\plugins\com.kms.katalon.core.mobile_1.0.0.202503120557.jar;C:\Users\Nurul Handayani\.katalon\packages\KS-10.1.1\plugins\org.apache.commons.commons-validator_1.7.0.jar;C:\Users\Nurul Handayani\.katalon\packages\KS-10.1.1\plugins\com.kms.katalon.core.cucumber_1.0.0.202503120557.jar;C:\Users\Nurul Handayani\.katalon\packages\KS-10.1.1\plugins\io.cucumber.core_3.0.3.jar;C:\Users\Nurul Handayani\.katalon\packages\KS-10.1.1\plugins\io.cucumber.datatable_1.1.15.jar;C:\Users\Nurul Handayani\.katalon\packages\KS-10.1.1\plugins\io.cucumber.datatable-dependencies_1.1.15.jar;C:\Users\Nurul Handayani\.katalon\packages\KS-10.1.1\plugins\io.cucumber.expressions_5.0.19.jar;C:\Users\Nurul Handayani\.katalon\packages\KS-10.1.1\plugins\io.cucumber.gherkin_5.0.0.jar;C:\Users\Nurul Handayani\.katalon\packages\KS-10.1.1\plugins\io.cucumber.html_0.2.7.jar;C:\Users\Nurul Handayani\.katalon\packages\KS-10.1.1\plugins\io.cucumber.java_3.0.3.jar;C:\Users\Nurul Handayani\.katalon\packages\KS-10.1.1\plugins\io.cucumber.tag-expressions_1.1.1.jar;C:\Users\Nurul Handayani\.katalon\packages\KS-10.1.1\plugins\io.cucumber.junit_3.0.3.jar;C:\Users\Nurul Handayani\.katalon\packages\KS-10.1.1\plugins\com.kms.katalon.core.webservice_1.0.0.202503120557.jar;C:\Users\Nurul Handayani\.katalon\packages\KS-10.1.1\plugins\wsdl4j_1.6.2.jar;C:\Users\Nurul Handayani\.katalon\packages\KS-10.1.1\plugins\com.google.oauth-client.google-oauth-client_1.22.0.jar;C:\Users\Nurul Handayani\.katalon\packages\KS-10.1.1\plugins\com.google.http-client.google-http-client_1.22.0.jar;C:\Users\Nurul Handayani\.katalon\packages\KS-10.1.1\plugins\com.kms.katalon.preferences_1.0.0.202503120557.jar;C:\Users\Nurul Handayani\.katalon\packages\KS-10.1.1\plugins\org.apache.xmlbeans_3.1.0.jar;C:\Users\Nurul Handayani\.katalon\packages\KS-10.1.1\plugins\com.kms.katalon.entity_1.0.0.202503120557.jar;C:\Users\Nurul Handayani\.katalon\packages\KS-10.1.1\plugins\jakarta.xml.ws-api_2.3.3.jar;C:\Users\Nurul Handayani\.katalon\packages\KS-10.1.1\plugins\javax.xml.soap-api_1.4.0.jar;C:\Users\Nurul Handayani\.katalon\packages\KS-10.1.1\plugins\com.atlassian.oai.swagger-request-validator-core_2.38.0.jar;C:\Users\Nurul Handayani\.katalon\packages\KS-10.1.1\plugins\io.swagger.compat-spec-parser_1.0.67.jar;C:\Users\Nurul Handayani\.katalon\packages\KS-10.1.1\plugins\io.swagger.core.v3.swagger-annotations_2.2.14.jar;C:\Users\Nurul Handayani\.katalon\packages\KS-10.1.1\plugins\io.swagger.core.v3.swagger-core_2.2.14.jar;C:\Users\Nurul Handayani\.katalon\packages\KS-10.1.1\plugins\io.swagger.core.v3.swagger-models_2.2.14.jar;C:\Users\Nurul Handayani\.katalon\packages\KS-10.1.1\plugins\io.swagger.parser.v3.swagger-parser-core_2.1.16.jar;C:\Users\Nurul Handayani\.katalon\packages\KS-10.1.1\plugins\io.swagger.parser.v3.swagger-parser-v2-converter_2.1.16.jar;C:\Users\Nurul Handayani\.katalon\packages\KS-10.1.1\plugins\com.github.java-json-tools.btf_1.3.0.jar;C:\Users\Nurul Handayani\.katalon\packages\KS-10.1.1\plugins\com.fasterxml.jackson.dataformat.jackson-dataformat-yaml_2.17.1.jar;C:\Users\Nurul Handayani\.katalon\packages\KS-10.1.1\plugins\org.yaml.snakeyaml_2.2.0.jar;C:\Users\Nurul Handayani\.katalon\packages\KS-10.1.1\plugins\com.github.java-json-tools.msg-simple_1.2.0.jar;C:\Users\Nurul Handayani\.katalon\packages\KS-10.1.1\plugins\jackson-core-asl_1.9.13.jar;C:\Users\Nurul Handayani\.katalon\packages\KS-10.1.1\plugins\joda-time_2.10.5.jar;C:\Users\Nurul Handayani\.katalon\packages\KS-10.1.1\plugins\javax.mail-api_1.6.2.jar;C:\Users\Nurul Handayani\.katalon\packages\KS-10.1.1\plugins\com.googlecode.libphonenumber_8.11.1.jar;C:\Users\Nurul Handayani\.katalon\packages\KS-10.1.1\plugins\com.google.guava.failureaccess_1.0.1.jar;C:\Users\Nurul Handayani\.katalon\packages\KS-10.1.1\plugins\io.swagger.parser.v3.swagger-parser_2.1.16.jar;C:\Users\Nurul Handayani\.katalon\packages\KS-10.1.1\plugins\io.swagger.parser.v3.swagger-parser-v3_2.1.16.jar;C:\Users\Nurul Handayani\.katalon\packages\KS-10.1.1\plugins\io.swagger.parser_1.0.67.jar;C:\Users\Nurul Handayani\.katalon\packages\KS-10.1.1\plugins\com.narupley.not-going-to-be-commons-ssl_0.3.20.jar;C:\Users\Nurul Handayani\.katalon\packages\KS-10.1.1\plugins\com.kms.katalon.core.windows_1.0.0.202503120557.jar;C:\Users\Nurul Handayani\.katalon\packages\KS-10.1.1\plugins\com.sun.jna_5.13.0.jar;C:\Users\Nurul Handayani\.katalon\packages\KS-10.1.1\plugins\com.sun.jna.platform_5.13.0.jar;C:\Users\Nurul Handayani\.katalon\packages\KS-10.1.1\plugins\com.kms.katalon.core.testng_1.0.0.202503120557.jar;C:\Users\Nurul Handayani\.katalon\packages\KS-10.1.1\configuration\org.eclipse.osgi\33\0\.cp\resources\basic-report\katalon-studio-report-plugin.jar;C:\Users\Nurul Handayani\.katalon\packages\KS-10.1.1\configuration\plugin\install\225039\1.0.2\ExcelKeywords.jar;C:\Users\Nurul Handayani\.katalon\packages\KS-10.1.1\plugins\org.codehaus.groovy_3.0.17.v202303311542-e2303\lib\groovy-3.0.17-indy.jar;C:\Users\Nurul Handayani\.katalon\packages\KS-10.1.1\plugins\org.codehaus.groovy_3.0.17.v202303311542-e2303\lib\ivy-2.5.1.jar --main groovy.ui.GroovyMain --encoding UTF-8 --indy C:\Users\Nurul Handayani\Katalon Studio\Voila.id\Libs\TempTestCase1745668345940.groovy

Host: AMD Ryzen 5 5500U with Radeon Graphics         , 12 cores, 7G,  Windows 11 , 64 bit Build 22621 (10.0.22621.5124)
Time: Sat Apr 26 18:53:08 2025 SE Asia Standard Time elapsed time: 40.996799 seconds (0d 0h 0m 40s)

---------------  T H R E A D  ---------------

Current thread (0x0000020f8f2bfe90):  JavaThread "C2 CompilerThread0" daemon [_thread_in_native, id=47852, stack(0x000000fdf1b00000,0x000000fdf1c00000)]


Current CompileTask:
C2:  40996 7454   !   4       com.sun.beans.TypeResolver::resolve (264 bytes)

Stack: [0x000000fdf1b00000,0x000000fdf1c00000]
Native frames: (J=compiled Java code, j=interpreted, Vv=VM code, C=native code)
V  [jvm.dll+0x682eb9]
V  [jvm.dll+0x8399c8]
V  [jvm.dll+0x83b473]
V  [jvm.dll+0x83bae3]
V  [jvm.dll+0x24715f]
V  [jvm.dll+0xace44]
V  [jvm.dll+0xad4dc]
V  [jvm.dll+0x365b0f]
V  [jvm.dll+0x1ba873]
V  [jvm.dll+0x2182a7]
V  [jvm.dll+0x21758f]
V  [jvm.dll+0x1a3150]
V  [jvm.dll+0x22799c]
V  [jvm.dll+0x225afb]
V  [jvm.dll+0x7ef128]
V  [jvm.dll+0x7e948c]
V  [jvm.dll+0x681d97]
C  [ucrtbase.dll+0x29333]
C  [KERNEL32.DLL+0x1259d]
C  [ntdll.dll+0x5af38]


---------------  P R O C E S S  ---------------

Threads class SMR info:
_java_thread_list=0x0000020f941534f0, length=31, elements={
0x0000020ff4e61300, 0x0000020f8f290020, 0x0000020f8f2908f0, 0x0000020f8f2a9020,
0x0000020f8f2a98f0, 0x0000020f8f2b94a0, 0x0000020f8f2bd270, 0x0000020f8f2bfe90,
0x0000020f8f2c8950, 0x0000020f8f2d3b30, 0x0000020f8f5729c0, 0x0000020f941d9aa0,
0x0000020f96a30010, 0x0000020f95cf1ae0, 0x0000020f9479c470, 0x0000020f9505f430,
0x0000020f96133c00, 0x0000020f95d65850, 0x0000020f95d66780, 0x0000020f95d64920,
0x0000020f95d63f00, 0x0000020f95d62fd0, 0x0000020f95d64410, 0x0000020f95d64e30,
0x0000020f95d634e0, 0x0000020f95d65340, 0x0000020f967f73d0, 0x0000020f967f7df0,
0x0000020f967f78e0, 0x0000020f967f8d20, 0x0000020f95bbf740
}

Java Threads: ( => current thread )
  0x0000020ff4e61300 JavaThread "Forwarding executeAsyncScript on session 7194164c9c3fef6fdfee06c45272ae00 to remote" [_thread_blocked, id=37456, stack(0x000000fdf0e00000,0x000000fdf0f00000)]
  0x0000020f8f290020 JavaThread "Reference Handler" daemon [_thread_blocked, id=4336, stack(0x000000fdf1500000,0x000000fdf1600000)]
  0x0000020f8f2908f0 JavaThread "Finalizer" daemon [_thread_blocked, id=48884, stack(0x000000fdf1600000,0x000000fdf1700000)]
  0x0000020f8f2a9020 JavaThread "Signal Dispatcher" daemon [_thread_blocked, id=39328, stack(0x000000fdf1700000,0x000000fdf1800000)]
  0x0000020f8f2a98f0 JavaThread "Attach Listener" daemon [_thread_blocked, id=46340, stack(0x000000fdf1800000,0x000000fdf1900000)]
  0x0000020f8f2b94a0 JavaThread "Service Thread" daemon [_thread_blocked, id=3028, stack(0x000000fdf1900000,0x000000fdf1a00000)]
  0x0000020f8f2bd270 JavaThread "Monitor Deflation Thread" daemon [_thread_blocked, id=6636, stack(0x000000fdf1a00000,0x000000fdf1b00000)]
=>0x0000020f8f2bfe90 JavaThread "C2 CompilerThread0" daemon [_thread_in_native, id=47852, stack(0x000000fdf1b00000,0x000000fdf1c00000)]
  0x0000020f8f2c8950 JavaThread "C1 CompilerThread0" daemon [_thread_blocked, id=48260, stack(0x000000fdf1c00000,0x000000fdf1d00000)]
  0x0000020f8f2d3b30 JavaThread "Sweeper thread" daemon [_thread_blocked, id=8584, stack(0x000000fdf1d00000,0x000000fdf1e00000)]
  0x0000020f8f5729c0 JavaThread "Common-Cleaner" daemon [_thread_blocked, id=16348, stack(0x000000fdf1e00000,0x000000fdf1f00000)]
  0x0000020f941d9aa0 JavaThread "Notification Thread" daemon [_thread_blocked, id=43428, stack(0x000000fdf1f00000,0x000000fdf2000000)]
  0x0000020f96a30010 JavaThread "ForkJoinPool.commonPool-worker-1" daemon [_thread_blocked, id=42080, stack(0x000000fdf2c00000,0x000000fdf2d00000)]
  0x0000020f95cf1ae0 JavaThread "HttpClient-1-SelectorManager" daemon [_thread_in_native, id=10528, stack(0x000000fdf2d00000,0x000000fdf2e00000)]
  0x0000020f9479c470 JavaThread "External Process Output Forwarder - C:\Users\Nurul Handayani\.katalon\packages\KS-10.1.1\configuration\resources\drivers\chromedriver_win32\chromedriver.exe" daemon [_thread_in_native, id=33544, stack(0x000000fdf2e00000,0x000000fdf2f00000)]
  0x0000020f9505f430 JavaThread "Driver Service Executor" daemon [_thread_blocked, id=48008, stack(0x000000fdf2f00000,0x000000fdf3000000)]
  0x0000020f96133c00 JavaThread "Driver Service Executor" daemon [_thread_blocked, id=41000, stack(0x000000fdf3000000,0x000000fdf3100000)]
  0x0000020f95d65850 JavaThread "UrlChecker-2" daemon [_thread_blocked, id=43168, stack(0x000000fdf3100000,0x000000fdf3200000)]
  0x0000020f95d66780 JavaThread "JdkHttpClient-0-0" daemon [_thread_blocked, id=5184, stack(0x000000fdf3400000,0x000000fdf3500000)]
  0x0000020f95d64920 JavaThread "JdkHttpClient-0-1" daemon [_thread_blocked, id=48312, stack(0x000000fdf3500000,0x000000fdf3600000)]
  0x0000020f95d63f00 JavaThread "JdkHttpClient-0-2" daemon [_thread_blocked, id=17704, stack(0x000000fdf3600000,0x000000fdf3700000)]
  0x0000020f95d62fd0 JavaThread "HttpClient-2-SelectorManager" daemon [_thread_in_native, id=10560, stack(0x000000fdf3700000,0x000000fdf3800000)]
  0x0000020f95d64410 JavaThread "JdkHttpClient-1-0" daemon [_thread_blocked, id=36604, stack(0x000000fdf3800000,0x000000fdf3900000)]
  0x0000020f95d64e30 JavaThread "JdkHttpClient-1-1" daemon [_thread_blocked, id=37396, stack(0x000000fdf3900000,0x000000fdf3a00000)]
  0x0000020f95d634e0 JavaThread "JdkHttpClient-1-2" daemon [_thread_blocked, id=28224, stack(0x000000fdf3a00000,0x000000fdf3b00000)]
  0x0000020f95d65340 JavaThread "HttpClient-3-SelectorManager" daemon [_thread_in_native, id=40176, stack(0x000000fdf3b00000,0x000000fdf3c00000)]
  0x0000020f967f73d0 JavaThread "JdkHttpClient-2-0" daemon [_thread_blocked, id=44628, stack(0x000000fdf3c00000,0x000000fdf3d00000)]
  0x0000020f967f7df0 JavaThread "JdkHttpClient-2-1" daemon [_thread_blocked, id=7316, stack(0x000000fdf3d00000,0x000000fdf3e00000)]
  0x0000020f967f78e0 JavaThread "JdkHttpClient-2-2" daemon [_thread_blocked, id=43188, stack(0x000000fdf3e00000,0x000000fdf3f00000)]
  0x0000020f967f8d20 JavaThread "BiDi Connection" daemon [_thread_blocked, id=35256, stack(0x000000fdf3f00000,0x000000fdf4000000)]
  0x0000020f95bbf740 JavaThread "C2 CompilerThread1" daemon [_thread_blocked, id=48564, stack(0x000000fdf4100000,0x000000fdf4200000)]

Other Threads:
  0x0000020fffb43590 VMThread "VM Thread" [stack: 0x000000fdf1400000,0x000000fdf1500000] [id=44328]
  0x0000020ff4e63390 WatcherThread [stack: 0x000000fdf2000000,0x000000fdf2100000] [id=43788]
  0x0000020ff4ebd960 GCTaskThread "GC Thread#0" [stack: 0x000000fdf0f00000,0x000000fdf1000000] [id=43124]
  0x0000020f946dd2a0 GCTaskThread "GC Thread#1" [stack: 0x000000fdf2100000,0x000000fdf2200000] [id=18752]
  0x0000020f94626850 GCTaskThread "GC Thread#2" [stack: 0x000000fdf2200000,0x000000fdf2300000] [id=25804]
  0x0000020f94f30a60 GCTaskThread "GC Thread#3" [stack: 0x000000fdf2300000,0x000000fdf2400000] [id=46120]
  0x0000020f94d24380 GCTaskThread "GC Thread#4" [stack: 0x000000fdf2400000,0x000000fdf2500000] [id=38816]
  0x0000020f950c3c20 GCTaskThread "GC Thread#5" [stack: 0x000000fdf2500000,0x000000fdf2600000] [id=36004]
  0x0000020f94eb1cb0 GCTaskThread "GC Thread#6" [stack: 0x000000fdf2600000,0x000000fdf2700000] [id=22804]
  0x0000020f95135a50 GCTaskThread "GC Thread#7" [stack: 0x000000fdf2700000,0x000000fdf2800000] [id=45108]
  0x0000020f952c4200 GCTaskThread "GC Thread#8" [stack: 0x000000fdf2800000,0x000000fdf2900000] [id=25832]
  0x0000020f94e9a840 GCTaskThread "GC Thread#9" [stack: 0x000000fdf2900000,0x000000fdf2a00000] [id=35664]
  0x0000020ff4ecef50 ConcurrentGCThread "G1 Main Marker" [stack: 0x000000fdf1000000,0x000000fdf1100000] [id=17524]
  0x0000020ff4ecf870 ConcurrentGCThread "G1 Conc#0" [stack: 0x000000fdf1100000,0x000000fdf1200000] [id=48352]
  0x0000020f95315260 ConcurrentGCThread "G1 Conc#1" [stack: 0x000000fdf2a00000,0x000000fdf2b00000] [id=47960]
  0x0000020f95315520 ConcurrentGCThread "G1 Conc#2" [stack: 0x000000fdf2b00000,0x000000fdf2c00000] [id=42620]
  0x0000020fff9ef580 ConcurrentGCThread "G1 Refine#0" [stack: 0x000000fdf1200000,0x000000fdf1300000] [id=47568]
  0x0000020fff9efeb0 ConcurrentGCThread "G1 Service" [stack: 0x000000fdf1300000,0x000000fdf1400000] [id=9388]

Threads with active compile tasks:
C2 CompilerThread0    41035 7454   !   4       com.sun.beans.TypeResolver::resolve (264 bytes)

VM state: not at safepoint (normal execution)

VM Mutex/Monitor currently owned by a thread: None

Heap address: 0x0000000080000000, size: 2048 MB, Compressed Oops mode: 32-bit

CDS archive(s) not mapped
Compressed class space mapped at: 0x0000000100000000-0x0000000140000000, reserved size: 1073741824
Narrow klass base: 0x0000000000000000, Narrow klass shift: 3, Narrow klass range: 0x140000000

GC Precious Log:
 CPUs: 12 total, 12 available
 Memory: 7502M
 Large Page Support: Disabled
 NUMA Support: Disabled
 Compressed Oops: Enabled (32-bit)
 Heap Region Size: 1M
 Heap Min Capacity: 8M
 Heap Initial Capacity: 118M
 Heap Max Capacity: 2G
 Pre-touch: Disabled
 Parallel Workers: 10
 Concurrent Workers: 3
 Concurrent Refinement Workers: 10
 Periodic GC: Disabled

Heap:
 garbage-first heap   total 107520K, used 86271K [0x0000000080000000, 0x0000000100000000)
  region size 1024K, 45 young (46080K), 3 survivors (3072K)
 Metaspace       used 50243K, committed 51008K, reserved 1114112K
  class space    used 5751K, committed 6080K, reserved 1048576K

Heap Regions: E=young(eden), S=young(survivor), O=old, HS=humongous(starts), HC=humongous(continues), CS=collection set, F=free, OA=open archive, CA=closed archive, TAMS=top-at-mark-start (previous, next)
|   0|0x0000000080000000, 0x0000000080100000, 0x0000000080100000|100%|HS|  |TAMS 0x0000000080100000, 0x0000000080000000| Complete 
|   1|0x0000000080100000, 0x0000000080200000, 0x0000000080200000|100%|HS|  |TAMS 0x0000000080200000, 0x0000000080100000| Complete 
|   2|0x0000000080200000, 0x0000000080300000, 0x0000000080300000|100%|HC|  |TAMS 0x0000000080300000, 0x0000000080200000| Complete 
|   3|0x0000000080300000, 0x0000000080400000, 0x0000000080400000|100%|HC|  |TAMS 0x0000000080400000, 0x0000000080300000| Complete 
|   4|0x0000000080400000, 0x0000000080500000, 0x0000000080500000|100%|HS|  |TAMS 0x0000000080500000, 0x0000000080400000| Complete 
|   5|0x0000000080500000, 0x0000000080600000, 0x0000000080600000|100%| O|  |TAMS 0x0000000080600000, 0x0000000080500000| Untracked 
|   6|0x0000000080600000, 0x0000000080700000, 0x0000000080700000|100%| O|  |TAMS 0x0000000080700000, 0x0000000080600000| Untracked 
|   7|0x0000000080700000, 0x0000000080800000, 0x0000000080800000|100%| O|  |TAMS 0x0000000080800000, 0x0000000080700000| Untracked 
|   8|0x0000000080800000, 0x0000000080900000, 0x0000000080900000|100%| O|  |TAMS 0x0000000080900000, 0x0000000080800000| Untracked 
|   9|0x0000000080900000, 0x0000000080a00000, 0x0000000080a00000|100%| O|  |TAMS 0x0000000080a00000, 0x0000000080900000| Untracked 
|  10|0x0000000080a00000, 0x0000000080b00000, 0x0000000080b00000|100%| O|  |TAMS 0x0000000080b00000, 0x0000000080a00000| Untracked 
|  11|0x0000000080b00000, 0x0000000080c00000, 0x0000000080c00000|100%| O|  |TAMS 0x0000000080c00000, 0x0000000080b00000| Untracked 
|  12|0x0000000080c00000, 0x0000000080d00000, 0x0000000080d00000|100%| O|  |TAMS 0x0000000080d00000, 0x0000000080c00000| Untracked 
|  13|0x0000000080d00000, 0x0000000080e00000, 0x0000000080e00000|100%| O|  |TAMS 0x0000000080e00000, 0x0000000080d00000| Untracked 
|  14|0x0000000080e00000, 0x0000000080f00000, 0x0000000080f00000|100%| O|  |TAMS 0x0000000080f00000, 0x0000000080e00000| Untracked 
|  15|0x0000000080f00000, 0x0000000081000000, 0x0000000081000000|100%| O|  |TAMS 0x0000000081000000, 0x0000000080f00000| Untracked 
|  16|0x0000000081000000, 0x0000000081100000, 0x0000000081100000|100%| O|  |TAMS 0x0000000081100000, 0x0000000081000000| Untracked 
|  17|0x0000000081100000, 0x0000000081200000, 0x0000000081200000|100%| O|  |TAMS 0x0000000081200000, 0x0000000081100000| Untracked 
|  18|0x0000000081200000, 0x0000000081300000, 0x0000000081300000|100%| O|  |TAMS 0x0000000081300000, 0x0000000081200000| Untracked 
|  19|0x0000000081300000, 0x000000008135d600, 0x0000000081400000| 36%| O|  |TAMS 0x000000008135d600, 0x0000000081300000| Untracked 
|  20|0x0000000081400000, 0x0000000081500000, 0x0000000081500000|100%| O|  |TAMS 0x0000000081500000, 0x0000000081400000| Untracked 
|  21|0x0000000081500000, 0x0000000081600000, 0x0000000081600000|100%| O|  |TAMS 0x0000000081600000, 0x0000000081500000| Untracked 
|  22|0x0000000081600000, 0x0000000081700000, 0x0000000081700000|100%| O|  |TAMS 0x0000000081700000, 0x0000000081600000| Untracked 
|  23|0x0000000081700000, 0x0000000081800000, 0x0000000081800000|100%| O|  |TAMS 0x0000000081800000, 0x0000000081700000| Untracked 
|  24|0x0000000081800000, 0x0000000081900000, 0x0000000081900000|100%| O|  |TAMS 0x0000000081900000, 0x0000000081800000| Untracked 
|  25|0x0000000081900000, 0x0000000081a00000, 0x0000000081a00000|100%| O|  |TAMS 0x0000000081a00000, 0x0000000081900000| Untracked 
|  26|0x0000000081a00000, 0x0000000081b00000, 0x0000000081b00000|100%| O|  |TAMS 0x0000000081b00000, 0x0000000081a00000| Untracked 
|  27|0x0000000081b00000, 0x0000000081c00000, 0x0000000081c00000|100%| O|  |TAMS 0x0000000081c00000, 0x0000000081b00000| Untracked 
|  28|0x0000000081c00000, 0x0000000081d00000, 0x0000000081d00000|100%| O|  |TAMS 0x0000000081d00000, 0x0000000081c00000| Untracked 
|  29|0x0000000081d00000, 0x0000000081e00000, 0x0000000081e00000|100%| O|  |TAMS 0x0000000081d15400, 0x0000000081d00000| Untracked 
|  30|0x0000000081e00000, 0x0000000081f00000, 0x0000000081f00000|100%| O|  |TAMS 0x0000000081e00000, 0x0000000081e00000| Untracked 
|  31|0x0000000081f00000, 0x0000000082000000, 0x0000000082000000|100%| O|  |TAMS 0x0000000081f00000, 0x0000000081f00000| Untracked 
|  32|0x0000000082000000, 0x0000000082100000, 0x0000000082100000|100%| O|  |TAMS 0x0000000082000000, 0x0000000082000000| Untracked 
|  33|0x0000000082100000, 0x0000000082200000, 0x0000000082200000|100%| O|  |TAMS 0x0000000082100000, 0x0000000082100000| Untracked 
|  34|0x0000000082200000, 0x0000000082300000, 0x0000000082300000|100%| O|  |TAMS 0x0000000082200000, 0x0000000082200000| Untracked 
|  35|0x0000000082300000, 0x0000000082400000, 0x0000000082400000|100%| O|  |TAMS 0x0000000082300000, 0x0000000082300000| Untracked 
|  36|0x0000000082400000, 0x0000000082500000, 0x0000000082500000|100%| O|  |TAMS 0x0000000082400000, 0x0000000082400000| Untracked 
|  37|0x0000000082500000, 0x0000000082600000, 0x0000000082600000|100%|HS|  |TAMS 0x0000000082500000, 0x0000000082500000| Complete 
|  38|0x0000000082600000, 0x0000000082700000, 0x0000000082700000|100%|HS|  |TAMS 0x0000000082600000, 0x0000000082600000| Complete 
|  39|0x0000000082700000, 0x0000000082800000, 0x0000000082800000|100%| O|  |TAMS 0x0000000082700000, 0x0000000082700000| Untracked 
|  40|0x0000000082800000, 0x0000000082900000, 0x0000000082900000|100%| O|  |TAMS 0x0000000082800000, 0x0000000082800000| Untracked 
|  41|0x0000000082900000, 0x0000000082a00000, 0x0000000082a00000|100%| O|  |TAMS 0x0000000082900000, 0x0000000082900000| Untracked 
|  42|0x0000000082a00000, 0x0000000082a00000, 0x0000000082b00000|  0%| F|  |TAMS 0x0000000082a00000, 0x0000000082a00000| Untracked 
|  43|0x0000000082b00000, 0x0000000082b00000, 0x0000000082c00000|  0%| F|  |TAMS 0x0000000082b00000, 0x0000000082b00000| Untracked 
|  44|0x0000000082c00000, 0x0000000082c00000, 0x0000000082d00000|  0%| F|  |TAMS 0x0000000082c00000, 0x0000000082c00000| Untracked 
|  45|0x0000000082d00000, 0x0000000082d00000, 0x0000000082e00000|  0%| F|  |TAMS 0x0000000082d00000, 0x0000000082d00000| Untracked 
|  46|0x0000000082e00000, 0x0000000082e00000, 0x0000000082f00000|  0%| F|  |TAMS 0x0000000082e00000, 0x0000000082e00000| Untracked 
|  47|0x0000000082f00000, 0x0000000082f00000, 0x0000000083000000|  0%| F|  |TAMS 0x0000000082f00000, 0x0000000082f00000| Untracked 
|  48|0x0000000083000000, 0x0000000083000000, 0x0000000083100000|  0%| F|  |TAMS 0x0000000083000000, 0x0000000083000000| Untracked 
|  49|0x0000000083100000, 0x0000000083100000, 0x0000000083200000|  0%| F|  |TAMS 0x0000000083100000, 0x0000000083100000| Untracked 
|  50|0x0000000083200000, 0x0000000083200000, 0x0000000083300000|  0%| F|  |TAMS 0x0000000083200000, 0x0000000083200000| Untracked 
|  51|0x0000000083300000, 0x0000000083300000, 0x0000000083400000|  0%| F|  |TAMS 0x0000000083300000, 0x0000000083300000| Untracked 
|  52|0x0000000083400000, 0x0000000083400000, 0x0000000083500000|  0%| F|  |TAMS 0x0000000083400000, 0x0000000083400000| Untracked 
|  53|0x0000000083500000, 0x0000000083500000, 0x0000000083600000|  0%| F|  |TAMS 0x0000000083500000, 0x0000000083500000| Untracked 
|  54|0x0000000083600000, 0x0000000083600000, 0x0000000083700000|  0%| F|  |TAMS 0x0000000083600000, 0x0000000083600000| Untracked 
|  55|0x0000000083700000, 0x0000000083700000, 0x0000000083800000|  0%| F|  |TAMS 0x0000000083700000, 0x0000000083700000| Untracked 
|  56|0x0000000083800000, 0x0000000083800000, 0x0000000083900000|  0%| F|  |TAMS 0x0000000083800000, 0x0000000083800000| Untracked 
|  57|0x0000000083900000, 0x0000000083900000, 0x0000000083a00000|  0%| F|  |TAMS 0x0000000083900000, 0x0000000083900000| Untracked 
|  58|0x0000000083a00000, 0x0000000083a00000, 0x0000000083b00000|  0%| F|  |TAMS 0x0000000083a00000, 0x0000000083a00000| Untracked 
|  59|0x0000000083b00000, 0x0000000083be29f8, 0x0000000083c00000| 88%| S|CS|TAMS 0x0000000083b00000, 0x0000000083b00000| Complete 
|  60|0x0000000083c00000, 0x0000000083d00000, 0x0000000083d00000|100%| S|CS|TAMS 0x0000000083c00000, 0x0000000083c00000| Complete 
|  61|0x0000000083d00000, 0x0000000083e00000, 0x0000000083e00000|100%| S|CS|TAMS 0x0000000083d00000, 0x0000000083d00000| Complete 
|  62|0x0000000083e00000, 0x0000000083e00000, 0x0000000083f00000|  0%| F|  |TAMS 0x0000000083e00000, 0x0000000083e00000| Untracked 
|  63|0x0000000083f00000, 0x0000000083f11fc0, 0x0000000084000000|  7%| E|  |TAMS 0x0000000083f00000, 0x0000000083f00000| Complete 
|  64|0x0000000084000000, 0x0000000084100000, 0x0000000084100000|100%| E|CS|TAMS 0x0000000084000000, 0x0000000084000000| Complete 
|  65|0x0000000084100000, 0x0000000084200000, 0x0000000084200000|100%| E|CS|TAMS 0x0000000084100000, 0x0000000084100000| Complete 
|  66|0x0000000084200000, 0x0000000084300000, 0x0000000084300000|100%| E|CS|TAMS 0x0000000084200000, 0x0000000084200000| Complete 
|  67|0x0000000084300000, 0x0000000084400000, 0x0000000084400000|100%| E|CS|TAMS 0x0000000084300000, 0x0000000084300000| Complete 
|  68|0x0000000084400000, 0x0000000084500000, 0x0000000084500000|100%| E|CS|TAMS 0x0000000084400000, 0x0000000084400000| Complete 
|  69|0x0000000084500000, 0x0000000084600000, 0x0000000084600000|100%| E|CS|TAMS 0x0000000084500000, 0x0000000084500000| Complete 
|  70|0x0000000084600000, 0x0000000084700000, 0x0000000084700000|100%| E|CS|TAMS 0x0000000084600000, 0x0000000084600000| Complete 
|  71|0x0000000084700000, 0x0000000084800000, 0x0000000084800000|100%| E|CS|TAMS 0x0000000084700000, 0x0000000084700000| Complete 
|  72|0x0000000084800000, 0x0000000084900000, 0x0000000084900000|100%| E|CS|TAMS 0x0000000084800000, 0x0000000084800000| Complete 
|  73|0x0000000084900000, 0x0000000084a00000, 0x0000000084a00000|100%| E|CS|TAMS 0x0000000084900000, 0x0000000084900000| Complete 
|  74|0x0000000084a00000, 0x0000000084b00000, 0x0000000084b00000|100%| E|CS|TAMS 0x0000000084a00000, 0x0000000084a00000| Complete 
|  75|0x0000000084b00000, 0x0000000084c00000, 0x0000000084c00000|100%| E|CS|TAMS 0x0000000084b00000, 0x0000000084b00000| Complete 
|  76|0x0000000084c00000, 0x0000000084d00000, 0x0000000084d00000|100%| E|CS|TAMS 0x0000000084c00000, 0x0000000084c00000| Complete 
|  77|0x0000000084d00000, 0x0000000084e00000, 0x0000000084e00000|100%| E|CS|TAMS 0x0000000084d00000, 0x0000000084d00000| Complete 
|  78|0x0000000084e00000, 0x0000000084f00000, 0x0000000084f00000|100%| E|CS|TAMS 0x0000000084e00000, 0x0000000084e00000| Complete 
|  79|0x0000000084f00000, 0x0000000085000000, 0x0000000085000000|100%| E|CS|TAMS 0x0000000084f00000, 0x0000000084f00000| Complete 
|  80|0x0000000085000000, 0x0000000085100000, 0x0000000085100000|100%| E|CS|TAMS 0x0000000085000000, 0x0000000085000000| Complete 
|  81|0x0000000085100000, 0x0000000085200000, 0x0000000085200000|100%| E|CS|TAMS 0x0000000085100000, 0x0000000085100000| Complete 
|  82|0x0000000085200000, 0x0000000085300000, 0x0000000085300000|100%| E|CS|TAMS 0x0000000085200000, 0x0000000085200000| Complete 
|  83|0x0000000085300000, 0x0000000085400000, 0x0000000085400000|100%| E|CS|TAMS 0x0000000085300000, 0x0000000085300000| Complete 
|  84|0x0000000085400000, 0x0000000085500000, 0x0000000085500000|100%| E|CS|TAMS 0x0000000085400000, 0x0000000085400000| Complete 
|  85|0x0000000085500000, 0x0000000085600000, 0x0000000085600000|100%| E|CS|TAMS 0x0000000085500000, 0x0000000085500000| Complete 
|  86|0x0000000085600000, 0x0000000085700000, 0x0000000085700000|100%| E|CS|TAMS 0x0000000085600000, 0x0000000085600000| Complete 
|  87|0x0000000085700000, 0x0000000085800000, 0x0000000085800000|100%| E|  |TAMS 0x0000000085700000, 0x0000000085700000| Complete 
|  88|0x0000000085800000, 0x0000000085900000, 0x0000000085900000|100%| E|CS|TAMS 0x0000000085800000, 0x0000000085800000| Complete 
|  89|0x0000000085900000, 0x0000000085a00000, 0x0000000085a00000|100%| E|CS|TAMS 0x0000000085900000, 0x0000000085900000| Complete 
|  90|0x0000000085a00000, 0x0000000085b00000, 0x0000000085b00000|100%| E|CS|TAMS 0x0000000085a00000, 0x0000000085a00000| Complete 
|  91|0x0000000085b00000, 0x0000000085c00000, 0x0000000085c00000|100%| E|CS|TAMS 0x0000000085b00000, 0x0000000085b00000| Complete 
|  92|0x0000000085c00000, 0x0000000085d00000, 0x0000000085d00000|100%| E|CS|TAMS 0x0000000085c00000, 0x0000000085c00000| Complete 
|  93|0x0000000085d00000, 0x0000000085e00000, 0x0000000085e00000|100%| E|CS|TAMS 0x0000000085d00000, 0x0000000085d00000| Complete 
|  94|0x0000000085e00000, 0x0000000085f00000, 0x0000000085f00000|100%| E|CS|TAMS 0x0000000085e00000, 0x0000000085e00000| Complete 
|  95|0x0000000085f00000, 0x0000000086000000, 0x0000000086000000|100%| E|CS|TAMS 0x0000000085f00000, 0x0000000085f00000| Complete 
|  96|0x0000000086000000, 0x0000000086100000, 0x0000000086100000|100%| E|CS|TAMS 0x0000000086000000, 0x0000000086000000| Complete 
|  97|0x0000000086100000, 0x0000000086200000, 0x0000000086200000|100%| E|CS|TAMS 0x0000000086100000, 0x0000000086100000| Complete 
|  98|0x0000000086200000, 0x0000000086300000, 0x0000000086300000|100%| E|CS|TAMS 0x0000000086200000, 0x0000000086200000| Complete 
|  99|0x0000000086300000, 0x0000000086400000, 0x0000000086400000|100%| E|CS|TAMS 0x0000000086300000, 0x0000000086300000| Complete 
| 100|0x0000000086400000, 0x0000000086500000, 0x0000000086500000|100%| E|CS|TAMS 0x0000000086400000, 0x0000000086400000| Complete 
| 101|0x0000000086500000, 0x0000000086600000, 0x0000000086600000|100%| E|CS|TAMS 0x0000000086500000, 0x0000000086500000| Complete 
| 102|0x0000000086600000, 0x0000000086700000, 0x0000000086700000|100%| E|CS|TAMS 0x0000000086600000, 0x0000000086600000| Complete 
| 103|0x0000000086700000, 0x0000000086800000, 0x0000000086800000|100%| E|CS|TAMS 0x0000000086700000, 0x0000000086700000| Complete 
| 117|0x0000000087500000, 0x0000000087600000, 0x0000000087600000|100%| E|CS|TAMS 0x0000000087500000, 0x0000000087500000| Complete 

Card table byte_map: [0x0000020ff8d10000,0x0000020ff9110000] _byte_map_base: 0x0000020ff8910000

Marking Bits (Prev, Next): (CMBitMap*) 0x0000020ff4ebde80, (CMBitMap*) 0x0000020ff4ebdec0
 Prev Bits: [0x0000020ff9510000, 0x0000020ffb510000)
 Next Bits: [0x0000020ffb510000, 0x0000020ffd510000)

Polling page: 0x0000020ff45e0000

Metaspace:

Usage:
  Non-class:     43.45 MB used.
      Class:      5.62 MB used.
       Both:     49.07 MB used.

Virtual space:
  Non-class space:       64.00 MB reserved,      43.88 MB ( 69%) committed,  1 nodes.
      Class space:        1.00 GB reserved,       5.94 MB ( <1%) committed,  1 nodes.
             Both:        1.06 GB reserved,      49.81 MB (  5%) committed. 

Chunk freelists:
   Non-Class:  3.59 MB
       Class:  9.94 MB
        Both:  13.53 MB

MaxMetaspaceSize: unlimited
CompressedClassSpaceSize: 1.00 GB
Initial GC threshold: 21.00 MB
Current GC threshold: 58.88 MB
CDS: off
MetaspaceReclaimPolicy: balanced
 - commit_granule_bytes: 65536.
 - commit_granule_words: 8192.
 - virtual_space_node_default_size: 8388608.
 - enlarge_chunks_in_place: 1.
 - new_chunks_are_fully_committed: 0.
 - uncommit_free_chunks: 1.
 - use_allocation_guard: 0.
 - handle_deallocations: 1.


Internal statistics:

num_allocs_failed_limit: 6.
num_arena_births: 994.
num_arena_deaths: 0.
num_vsnodes_births: 2.
num_vsnodes_deaths: 0.
num_space_committed: 797.
num_space_uncommitted: 0.
num_chunks_returned_to_freelist: 6.
num_chunks_taken_from_freelist: 2414.
num_chunk_merges: 6.
num_chunk_splits: 1554.
num_chunks_enlarged: 953.
num_inconsistent_stats: 0.

CodeHeap 'non-profiled nmethods': size=120000Kb used=3362Kb max_used=3362Kb free=116637Kb
 bounds [0x0000020f87ad0000, 0x0000020f87e20000, 0x0000020f8f000000]
CodeHeap 'profiled nmethods': size=120000Kb used=12084Kb max_used=12084Kb free=107915Kb
 bounds [0x0000020f80000000, 0x0000020f80bd0000, 0x0000020f87530000]
CodeHeap 'non-nmethods': size=5760Kb used=2329Kb max_used=2377Kb free=3430Kb
 bounds [0x0000020f87530000, 0x0000020f877a0000, 0x0000020f87ad0000]
 total_blobs=7316 nmethods=6470 adapters=757
 compilation: enabled
              stopped_count=0, restarted_count=0
 full_count=0

Compilation events (20 events):
Event: 40.684 Thread 0x0000020f8f2c8950 7498   !   3       com.sun.beans.finder.ClassFinder::findClass (43 bytes)
Event: 40.686 Thread 0x0000020f8f2c8950 nmethod 7498 0x0000020f80bc1b90 code [0x0000020f80bc1e20, 0x0000020f80bc2a18]
Event: 40.690 Thread 0x0000020f8f2c8950 7499       3       java.lang.WeakPairMap$Pair$Weak::first (5 bytes)
Event: 40.691 Thread 0x0000020f8f2c8950 nmethod 7499 0x0000020f80bc2f10 code [0x0000020f80bc30a0, 0x0000020f80bc3258]
Event: 40.693 Thread 0x0000020f8f2c8950 7500       3       java.beans.Introspector::getTargetMethodInfo (250 bytes)
Event: 40.695 Thread 0x0000020f8f2c8950 nmethod 7500 0x0000020f80bc3310 code [0x0000020f80bc36a0, 0x0000020f80bc4df8]
Event: 40.702 Thread 0x0000020f8f2c8950 7501   !   3       com.sun.beans.introspect.MethodInfo::get (243 bytes)
Event: 40.704 Thread 0x0000020f95bbf740 7504       4       java.beans.FeatureDescriptor::getClass0 (22 bytes)
Event: 40.704 Thread 0x0000020f8f2c8950 nmethod 7501 0x0000020f80bc5590 code [0x0000020f80bc5900, 0x0000020f80bc6fc8]
Event: 40.705 Thread 0x0000020f8f2c8950 7502       3       com.sun.beans.TypeResolver::prepare (234 bytes)
Event: 40.706 Thread 0x0000020f95bbf740 nmethod 7504 0x0000020f87e18210 code [0x0000020f87e183a0, 0x0000020f87e184b8]
Event: 40.706 Thread 0x0000020f95bbf740 7505       4       java.util.LinkedList$ListItr::checkForComodification (23 bytes)
Event: 40.707 Thread 0x0000020f95bbf740 nmethod 7505 0x0000020f87e18590 code [0x0000020f87e18700, 0x0000020f87e187b8]
Event: 40.707 Thread 0x0000020f8f2c8950 nmethod 7502 0x0000020f80bc7990 code [0x0000020f80bc7e00, 0x0000020f80bca418]
Event: 40.707 Thread 0x0000020f8f2c8950 7503       3       java.beans.PropertyDescriptor::setReadMethod0 (49 bytes)
Event: 40.710 Thread 0x0000020f8f2c8950 nmethod 7503 0x0000020f80bcae10 code [0x0000020f80bcb1c0, 0x0000020f80bccd48]
Event: 40.710 Thread 0x0000020f8f2c8950 7507       3       java.util.Collections$UnmodifiableMap$UnmodifiableEntrySet$UnmodifiableEntrySetSpliterator::getExactSizeIfKnown (10 bytes)
Event: 40.710 Thread 0x0000020f8f2c8950 nmethod 7507 0x0000020f80bcd490 code [0x0000020f80bcd640, 0x0000020f80bcd808]
Event: 40.710 Thread 0x0000020f8f2c8950 7506       3       groovyjarjarasm.asm.MethodWriter::addSuccessorToCurrentBasicBlock (24 bytes)
Event: 40.710 Thread 0x0000020f8f2c8950 nmethod 7506 0x0000020f80bcd910 code [0x0000020f80bcdac0, 0x0000020f80bcde18]

GC Heap History (20 events):
Event: 5.483 GC heap before
{Heap before GC invocations=6 (full 0):
 garbage-first heap   total 89088K, used 61129K [0x0000000080000000, 0x0000000100000000)
  region size 1024K, 37 young (37888K), 3 survivors (3072K)
 Metaspace       used 26473K, committed 26880K, reserved 1114112K
  class space    used 2760K, committed 2944K, reserved 1048576K
}
Event: 5.492 GC heap after
{Heap after GC invocations=7 (full 0):
 garbage-first heap   total 89088K, used 29045K [0x0000000080000000, 0x0000000100000000)
  region size 1024K, 5 young (5120K), 5 survivors (5120K)
 Metaspace       used 26473K, committed 26880K, reserved 1114112K
  class space    used 2760K, committed 2944K, reserved 1048576K
}
Event: 5.949 GC heap before
{Heap before GC invocations=7 (full 0):
 garbage-first heap   total 89088K, used 62837K [0x0000000080000000, 0x0000000100000000)
  region size 1024K, 38 young (38912K), 5 survivors (5120K)
 Metaspace       used 29035K, committed 29376K, reserved 1114112K
  class space    used 3044K, committed 3200K, reserved 1048576K
}
Event: 5.958 GC heap after
{Heap after GC invocations=8 (full 0):
 garbage-first heap   total 89088K, used 30154K [0x0000000080000000, 0x0000000100000000)
  region size 1024K, 1 young (1024K), 1 survivors (1024K)
 Metaspace       used 29035K, committed 29376K, reserved 1114112K
  class space    used 3044K, committed 3200K, reserved 1048576K
}
Event: 6.126 GC heap before
{Heap before GC invocations=8 (full 0):
 garbage-first heap   total 89088K, used 68042K [0x0000000080000000, 0x0000000100000000)
  region size 1024K, 35 young (35840K), 1 survivors (1024K)
 Metaspace       used 30216K, committed 30592K, reserved 1114112K
  class space    used 3125K, committed 3264K, reserved 1048576K
}
Event: 6.130 GC heap after
{Heap after GC invocations=9 (full 0):
 garbage-first heap   total 89088K, used 30665K [0x0000000080000000, 0x0000000100000000)
  region size 1024K, 2 young (2048K), 2 survivors (2048K)
 Metaspace       used 30216K, committed 30592K, reserved 1114112K
  class space    used 3125K, committed 3264K, reserved 1048576K
}
Event: 6.551 GC heap before
{Heap before GC invocations=9 (full 0):
 garbage-first heap   total 89088K, used 66505K [0x0000000080000000, 0x0000000100000000)
  region size 1024K, 37 young (37888K), 2 survivors (2048K)
 Metaspace       used 32846K, committed 33280K, reserved 1114112K
  class space    used 3430K, committed 3648K, reserved 1048576K
}
Event: 6.557 GC heap after
{Heap after GC invocations=10 (full 0):
 garbage-first heap   total 107520K, used 31754K [0x0000000080000000, 0x0000000100000000)
  region size 1024K, 3 young (3072K), 3 survivors (3072K)
 Metaspace       used 32846K, committed 33280K, reserved 1114112K
  class space    used 3430K, committed 3648K, reserved 1048576K
}
Event: 6.984 GC heap before
{Heap before GC invocations=10 (full 0):
 garbage-first heap   total 107520K, used 83978K [0x0000000080000000, 0x0000000100000000)
  region size 1024K, 54 young (55296K), 3 survivors (3072K)
 Metaspace       used 34041K, committed 34432K, reserved 1114112K
  class space    used 3527K, committed 3712K, reserved 1048576K
}
Event: 6.992 GC heap after
{Heap after GC invocations=11 (full 0):
 garbage-first heap   total 107520K, used 33672K [0x0000000080000000, 0x0000000100000000)
  region size 1024K, 5 young (5120K), 5 survivors (5120K)
 Metaspace       used 34041K, committed 34432K, reserved 1114112K
  class space    used 3527K, committed 3712K, reserved 1048576K
}
Event: 7.346 GC heap before
{Heap before GC invocations=11 (full 0):
 garbage-first heap   total 107520K, used 68488K [0x0000000080000000, 0x0000000100000000)
  region size 1024K, 40 young (40960K), 5 survivors (5120K)
 Metaspace       used 35667K, committed 36096K, reserved 1114112K
  class space    used 3754K, committed 3968K, reserved 1048576K
}
Event: 7.358 GC heap after
{Heap after GC invocations=12 (full 0):
 garbage-first heap   total 107520K, used 36629K [0x0000000080000000, 0x0000000100000000)
  region size 1024K, 6 young (6144K), 6 survivors (6144K)
 Metaspace       used 35667K, committed 36096K, reserved 1114112K
  class space    used 3754K, committed 3968K, reserved 1048576K
}
Event: 11.469 GC heap before
{Heap before GC invocations=13 (full 0):
 garbage-first heap   total 107520K, used 83733K [0x0000000080000000, 0x0000000100000000)
  region size 1024K, 53 young (54272K), 6 survivors (6144K)
 Metaspace       used 44336K, committed 44928K, reserved 1114112K
  class space    used 4904K, committed 5184K, reserved 1048576K
}
Event: 11.482 GC heap after
{Heap after GC invocations=14 (full 0):
 garbage-first heap   total 107520K, used 40703K [0x0000000080000000, 0x0000000100000000)
  region size 1024K, 7 young (7168K), 7 survivors (7168K)
 Metaspace       used 44336K, committed 44928K, reserved 1114112K
  class space    used 4904K, committed 5184K, reserved 1048576K
}
Event: 16.845 GC heap before
{Heap before GC invocations=14 (full 0):
 garbage-first heap   total 107520K, used 84735K [0x0000000080000000, 0x0000000100000000)
  region size 1024K, 50 young (51200K), 7 survivors (7168K)
 Metaspace       used 48334K, committed 48960K, reserved 1114112K
  class space    used 5583K, committed 5888K, reserved 1048576K
}
Event: 16.862 GC heap after
{Heap after GC invocations=15 (full 0):
 garbage-first heap   total 107520K, used 41584K [0x0000000080000000, 0x0000000100000000)
  region size 1024K, 5 young (5120K), 5 survivors (5120K)
 Metaspace       used 48334K, committed 48960K, reserved 1114112K
  class space    used 5583K, committed 5888K, reserved 1048576K
}
Event: 27.933 GC heap before
{Heap before GC invocations=15 (full 0):
 garbage-first heap   total 107520K, used 87664K [0x0000000080000000, 0x0000000100000000)
  region size 1024K, 49 young (50176K), 5 survivors (5120K)
 Metaspace       used 49365K, committed 50048K, reserved 1114112K
  class space    used 5692K, committed 6016K, reserved 1048576K
}
Event: 27.945 GC heap after
{Heap after GC invocations=16 (full 0):
 garbage-first heap   total 107520K, used 43333K [0x0000000080000000, 0x0000000100000000)
  region size 1024K, 3 young (3072K), 3 survivors (3072K)
 Metaspace       used 49365K, committed 50048K, reserved 1114112K
  class space    used 5692K, committed 6016K, reserved 1048576K
}
Event: 34.838 GC heap before
{Heap before GC invocations=16 (full 0):
 garbage-first heap   total 107520K, used 89413K [0x0000000080000000, 0x0000000100000000)
  region size 1024K, 46 young (47104K), 3 survivors (3072K)
 Metaspace       used 49816K, committed 50560K, reserved 1114112K
  class space    used 5705K, committed 6016K, reserved 1048576K
}
Event: 34.847 GC heap after
{Heap after GC invocations=17 (full 0):
 garbage-first heap   total 107520K, used 43263K [0x0000000080000000, 0x0000000100000000)
  region size 1024K, 3 young (3072K), 3 survivors (3072K)
 Metaspace       used 49816K, committed 50560K, reserved 1114112K
  class space    used 5705K, committed 6016K, reserved 1048576K
}

Dll operation events (10 events):
Event: 0.107 Loaded shared library C:\Users\Nurul Handayani\.katalon\packages\KS-10.1.1\jre\bin\java.dll
Event: 0.618 Loaded shared library C:\Users\Nurul Handayani\.katalon\packages\KS-10.1.1\jre\bin\net.dll
Event: 0.626 Loaded shared library C:\Users\Nurul Handayani\.katalon\packages\KS-10.1.1\jre\bin\nio.dll
Event: 0.644 Loaded shared library C:\Users\Nurul Handayani\.katalon\packages\KS-10.1.1\jre\bin\zip.dll
Event: 1.616 Loaded shared library C:\Users\Nurul Handayani\.katalon\packages\KS-10.1.1\jre\bin\verify.dll
Event: 2.049 Loaded shared library C:\Users\Nurul Handayani\.katalon\packages\KS-10.1.1\jre\bin\jimage.dll
Event: 6.593 Loaded shared library C:\Users\Nurul Handayani\.katalon\packages\KS-10.1.1\jre\bin\extnet.dll
Event: 8.219 Loaded shared library C:\Users\Nurul Handayani\.katalon\packages\KS-10.1.1\jre\bin\sunmscapi.dll
Event: 11.412 Loaded shared library C:\Users\Nurul Handayani\.katalon\packages\KS-10.1.1\jre\bin\management.dll
Event: 11.422 Loaded shared library C:\Users\Nurul Handayani\.katalon\packages\KS-10.1.1\jre\bin\management_ext.dll

Deoptimization events (20 events):
Event: 28.744 Thread 0x0000020ff4e61300 Uncommon trap: trap_request=0xffffff45 fr.pc=0x0000020f87da70dc relative=0x000000000000033c
Event: 28.744 Thread 0x0000020ff4e61300 Uncommon trap: reason=unstable_if action=reinterpret pc=0x0000020f87da70dc method=java.util.Base64$Decoder.decodeBlock([BII[BIZZ)I @ 33 c2
Event: 28.744 Thread 0x0000020ff4e61300 DEOPT PACKING pc=0x0000020f87da70dc sp=0x000000fdf0efb4e0
Event: 28.744 Thread 0x0000020ff4e61300 DEOPT UNPACKING pc=0x0000020f875869a3 sp=0x000000fdf0efb458 mode 2
Event: 33.276 Thread 0x0000020ff4e61300 DEOPT PACKING pc=0x0000020f80551577 sp=0x000000fdf0efbb20
Event: 33.276 Thread 0x0000020ff4e61300 DEOPT UNPACKING pc=0x0000020f87587143 sp=0x000000fdf0efafb8 mode 0
Event: 34.134 Thread 0x0000020ff4e61300 DEOPT PACKING pc=0x0000020f80a3723d sp=0x000000fdf0efb4e0
Event: 34.134 Thread 0x0000020ff4e61300 DEOPT UNPACKING pc=0x0000020f87587143 sp=0x000000fdf0efa958 mode 0
Event: 37.540 Thread 0x0000020ff4e61300 DEOPT PACKING pc=0x0000020f80a3723d sp=0x000000fdf0efb4e0
Event: 37.540 Thread 0x0000020ff4e61300 DEOPT UNPACKING pc=0x0000020f87587143 sp=0x000000fdf0efa958 mode 0
Event: 39.529 Thread 0x0000020ff4e61300 DEOPT PACKING pc=0x0000020f80a3723d sp=0x000000fdf0efb4e0
Event: 39.529 Thread 0x0000020ff4e61300 DEOPT UNPACKING pc=0x0000020f87587143 sp=0x000000fdf0efa958 mode 0
Event: 40.342 Thread 0x0000020ff4e61300 DEOPT PACKING pc=0x0000020f804bdbb0 sp=0x000000fdf0efb530
Event: 40.342 Thread 0x0000020ff4e61300 DEOPT UNPACKING pc=0x0000020f87587143 sp=0x000000fdf0efaa30 mode 0
Event: 40.342 Thread 0x0000020ff4e61300 DEOPT PACKING pc=0x0000020f804bcc1e sp=0x000000fdf0efb6d0
Event: 40.342 Thread 0x0000020ff4e61300 DEOPT UNPACKING pc=0x0000020f87587143 sp=0x000000fdf0efabb8 mode 0
Event: 40.646 Thread 0x0000020ff4e61300 Uncommon trap: trap_request=0xffffff45 fr.pc=0x0000020f87d483a8 relative=0x0000000000001c08
Event: 40.646 Thread 0x0000020ff4e61300 Uncommon trap: reason=unstable_if action=reinterpret pc=0x0000020f87d483a8 method=groovy.lang.MetaClassImpl.checkIfStdMethod(Lgroovy/lang/MetaMethod;)V @ 118 c2
Event: 40.646 Thread 0x0000020ff4e61300 DEOPT PACKING pc=0x0000020f87d483a8 sp=0x000000fdf0efae10
Event: 40.646 Thread 0x0000020ff4e61300 DEOPT UNPACKING pc=0x0000020f875869a3 sp=0x000000fdf0efae20 mode 2

Classes loaded (20 events):
Event: 40.437 Loading class java/text/FormatCustomizer
Event: 40.437 Loading class java/text/FormatCustomizer done
Event: 40.439 Loading class java/text/MessageFormatCustomizer
Event: 40.439 Loading class java/text/MessageFormatCustomizer done
Event: 40.443 Loading class java/text/MessageFormatCustomizer
Event: 40.443 Loading class java/text/MessageFormatCustomizer done
Event: 40.470 Loading class java/awt/image/BufferedImage
Event: 40.471 Loading class java/awt/image/WritableRenderedImage
Event: 40.472 Loading class java/awt/image/WritableRenderedImage done
Event: 40.472 Loading class java/awt/image/BufferedImage done
Event: 40.625 Loading class java/time/Clock$SystemClock
Event: 40.626 Loading class java/time/Clock$SystemClock done
Event: 40.629 Loading class java/time/DurationBeanInfo
Event: 40.629 Loading class java/time/DurationBeanInfo done
Event: 40.630 Loading class java/time/DurationBeanInfo
Event: 40.630 Loading class java/time/DurationBeanInfo done
Event: 40.630 Loading class java/time/DurationCustomizer
Event: 40.630 Loading class java/time/DurationCustomizer done
Event: 40.633 Loading class java/time/DurationCustomizer
Event: 40.633 Loading class java/time/DurationCustomizer done

Classes unloaded (0 events):
No events

Classes redefined (0 events):
No events

Internal exceptions (20 events):
Event: 40.513 Thread 0x0000020ff4e61300 Exception <a 'java/lang/ClassNotFoundException'{0x000000008456ad28}: org/openqa/selenium/By$ByXPathBeanInfo> (0x000000008456ad28) 
thrown [s\src\hotspot\share\classfile\systemDictionary.cpp, line 256]
Event: 40.520 Thread 0x0000020ff4e61300 Exception <a 'java/lang/ClassNotFoundException'{0x0000000084593c28}: org/openqa/selenium/By$BaseW3CLocatorBeanInfo> (0x0000000084593c28) 
thrown [s\src\hotspot\share\classfile\systemDictionary.cpp, line 256]
Event: 40.531 Thread 0x0000020ff4e61300 Exception <a 'java/lang/ClassNotFoundException'{0x00000000845ba7d8}: org/openqa/selenium/ByBeanInfo> (0x00000000845ba7d8) 
thrown [s\src\hotspot\share\classfile\systemDictionary.cpp, line 256]
Event: 40.541 Thread 0x0000020ff4e61300 Exception <a 'java/lang/ClassNotFoundException'{0x00000000845e17a8}: org/openqa/selenium/ByCustomizer> (0x00000000845e17a8) 
thrown [s\src\hotspot\share\classfile\systemDictionary.cpp, line 256]
Event: 40.553 Thread 0x0000020ff4e61300 Exception <a 'java/lang/ClassNotFoundException'{0x00000000844124c8}: org/openqa/selenium/By$BaseW3CLocatorCustomizer> (0x00000000844124c8) 
thrown [s\src\hotspot\share\classfile\systemDictionary.cpp, line 256]
Event: 40.562 Thread 0x0000020ff4e61300 Exception <a 'java/lang/ClassNotFoundException'{0x000000008443f200}: org/openqa/selenium/By$ByXPathCustomizer> (0x000000008443f200) 
thrown [s\src\hotspot\share\classfile\systemDictionary.cpp, line 256]
Event: 40.572 Thread 0x0000020ff4e61300 Exception <a 'java/lang/ClassNotFoundException'{0x000000008448a210}: com/kms/katalon/core/testobject/SelectorMethodBeanInfo> (0x000000008448a210) 
thrown [s\src\hotspot\share\classfile\systemDictionary.cpp, line 256]
Event: 40.580 Thread 0x0000020ff4e61300 Exception <a 'java/lang/ClassNotFoundException'{0x00000000844b4e38}: com/kms/katalon/core/testobject/SelectorMethodCustomizer> (0x00000000844b4e38) 
thrown [s\src\hotspot\share\classfile\systemDictionary.cpp, line 256]
Event: 40.602 Thread 0x0000020ff4e61300 Exception <a 'java/lang/ClassNotFoundException'{0x0000000084322a18}: com/kms/katalon/core/webui/driver/DriverFactoryBeanInfo> (0x0000000084322a18) 
thrown [s\src\hotspot\share\classfile\systemDictionary.cpp, line 256]
Event: 40.609 Thread 0x0000020ff4e61300 Exception <a 'java/lang/ClassNotFoundException'{0x000000008434da60}: com/kms/katalon/core/webui/driver/DriverFactoryCustomizer> (0x000000008434da60) 
thrown [s\src\hotspot\share\classfile\systemDictionary.cpp, line 256]
Event: 40.618 Thread 0x0000020ff4e61300 Exception <a 'java/lang/ClassNotFoundException'{0x00000000843bf2c8}: org/openqa/selenium/support/ui/FluentWaitBeanInfo> (0x00000000843bf2c8) 
thrown [s\src\hotspot\share\classfile\systemDictionary.cpp, line 256]
Event: 40.622 Thread 0x0000020ff4e61300 Exception <a 'java/lang/ClassNotFoundException'{0x00000000843e9198}: org/openqa/selenium/support/ui/FluentWaitCustomizer> (0x00000000843e9198) 
thrown [s\src\hotspot\share\classfile\systemDictionary.cpp, line 256]
Event: 40.630 Thread 0x0000020ff4e61300 Exception <a 'java/lang/ClassNotFoundException'{0x0000000084235e38}: java/time/DurationBeanInfo> (0x0000000084235e38) 
thrown [s\src\hotspot\share\classfile\systemDictionary.cpp, line 256]
Event: 40.634 Thread 0x0000020ff4e61300 Exception <a 'java/lang/ClassNotFoundException'{0x0000000084251848}: java/time/DurationCustomizer> (0x0000000084251848) 
thrown [s\src\hotspot\share\classfile\systemDictionary.cpp, line 256]
Event: 40.653 Thread 0x0000020ff4e61300 Exception <a 'java/lang/ClassNotFoundException'{0x00000000842d4a20}: com/kms/katalon/core/webui/keyword/builtin/VerifyElementNotPresentKeyword$1BeanInfo> (0x00000000842d4a20) 
thrown [s\src\hotspot\share\classfile\systemDictionary.cpp, line 256]
Event: 40.661 Thread 0x0000020ff4e61300 Exception <a 'java/lang/ClassNotFoundException'{0x0000000084104778}: com/kms/katalon/core/webui/keyword/builtin/VerifyElementNotPresentKeyword$1Customizer> (0x0000000084104778) 
thrown [s\src\hotspot\share\classfile\systemDictionary.cpp, line 256]
Event: 40.678 Thread 0x0000020ff4e61300 Exception <a 'java/lang/ClassNotFoundException'{0x00000000841a64d0}: org/openqa/selenium/remote/RemoteWebDriver$ByteBuddy$1oRQEDQaBeanInfo> (0x00000000841a64d0) 
thrown [s\src\hotspot\share\classfile\systemDictionary.cpp, line 256]
Event: 40.683 Thread 0x0000020ff4e61300 Exception <a 'java/lang/ClassNotFoundException'{0x00000000841d0238}: org/openqa/selenium/remote/RemoteWebDriverBeanInfo> (0x00000000841d0238) 
thrown [s\src\hotspot\share\classfile\systemDictionary.cpp, line 256]
Event: 40.689 Thread 0x0000020ff4e61300 Exception <a 'java/lang/ClassNotFoundException'{0x00000000841fa238}: org/openqa/selenium/remote/RemoteWebDriverCustomizer> (0x00000000841fa238) 
thrown [s\src\hotspot\share\classfile\systemDictionary.cpp, line 256]
Event: 40.701 Thread 0x0000020ff4e61300 Exception <a 'java/lang/ClassNotFoundException'{0x0000000084057918}: org/openqa/selenium/remote/RemoteWebDriver$ByteBuddy$1oRQEDQaCustomizer> (0x0000000084057918) 
thrown [s\src\hotspot\share\classfile\systemDictionary.cpp, line 256]

VM Operations (20 events):
Event: 32.983 Executing VM operation: Cleanup
Event: 32.983 Executing VM operation: Cleanup done
Event: 33.988 Executing VM operation: Cleanup
Event: 33.988 Executing VM operation: Cleanup done
Event: 34.837 Executing VM operation: G1CollectForAllocation
Event: 34.847 Executing VM operation: G1CollectForAllocation done
Event: 35.850 Executing VM operation: Cleanup
Event: 35.850 Executing VM operation: Cleanup done
Event: 36.856 Executing VM operation: Cleanup
Event: 36.856 Executing VM operation: Cleanup done
Event: 37.859 Executing VM operation: Cleanup
Event: 37.859 Executing VM operation: Cleanup done
Event: 38.863 Executing VM operation: Cleanup
Event: 38.863 Executing VM operation: Cleanup done
Event: 39.866 Executing VM operation: Cleanup
Event: 39.866 Executing VM operation: Cleanup done
Event: 39.873 Executing VM operation: HandshakeAllThreads
Event: 39.873 Executing VM operation: HandshakeAllThreads done
Event: 40.879 Executing VM operation: Cleanup
Event: 40.879 Executing VM operation: Cleanup done

Memory protections (0 events):
No events

Nmethod flushes (20 events):
Event: 8.317 Thread 0x0000020f8f2d3b30 flushing  nmethod 0x0000020f80746690
Event: 8.317 Thread 0x0000020f8f2d3b30 flushing  nmethod 0x0000020f80778c90
Event: 8.317 Thread 0x0000020f8f2d3b30 flushing  nmethod 0x0000020f8079d910
Event: 8.317 Thread 0x0000020f8f2d3b30 flushing  nmethod 0x0000020f8079ed90
Event: 8.317 Thread 0x0000020f8f2d3b30 flushing  nmethod 0x0000020f807fdd90
Event: 8.317 Thread 0x0000020f8f2d3b30 flushing  nmethod 0x0000020f807ffc10
Event: 8.317 Thread 0x0000020f8f2d3b30 flushing  nmethod 0x0000020f80800510
Event: 8.318 Thread 0x0000020f8f2d3b30 flushing  nmethod 0x0000020f80859590
Event: 8.318 Thread 0x0000020f8f2d3b30 flushing  nmethod 0x0000020f80870c10
Event: 8.318 Thread 0x0000020f8f2d3b30 flushing  nmethod 0x0000020f80875210
Event: 8.318 Thread 0x0000020f8f2d3b30 flushing  nmethod 0x0000020f80878510
Event: 8.318 Thread 0x0000020f8f2d3b30 flushing  nmethod 0x0000020f80880490
Event: 8.318 Thread 0x0000020f8f2d3b30 flushing  nmethod 0x0000020f80882e90
Event: 8.318 Thread 0x0000020f8f2d3b30 flushing  nmethod 0x0000020f80883590
Event: 8.318 Thread 0x0000020f8f2d3b30 flushing  nmethod 0x0000020f80884190
Event: 8.318 Thread 0x0000020f8f2d3b30 flushing  nmethod 0x0000020f80889510
Event: 8.318 Thread 0x0000020f8f2d3b30 flushing  nmethod 0x0000020f8088bc90
Event: 8.318 Thread 0x0000020f8f2d3b30 flushing  nmethod 0x0000020f808aa090
Event: 39.873 Thread 0x0000020f8f2d3b30 flushing  nmethod 0x0000020f87b8bf90
Event: 39.880 Thread 0x0000020f8f2d3b30 flushing  nmethod 0x0000020f80713190

Events (20 events):
Event: 8.291 Thread 0x0000020ff4e61300 Thread added: 0x0000020f95cf1ae0
Event: 8.362 Thread 0x0000020ff4e61300 Thread added: 0x0000020f9479c470
Event: 8.366 Thread 0x0000020ff4e61300 Thread added: 0x0000020f9505f430
Event: 8.367 Thread 0x0000020ff4e61300 Thread added: 0x0000020f96133c00
Event: 8.378 Thread 0x0000020f9505f430 Thread added: 0x0000020f95d65850
Event: 8.457 Thread 0x0000020f95d65850 Thread added: 0x0000020f95d66270
Event: 8.564 Thread 0x0000020ff4e61300 Thread added: 0x0000020f95d66780
Event: 8.622 Thread 0x0000020f95cf1ae0 Thread added: 0x0000020f95d64920
Event: 8.623 Thread 0x0000020f95cf1ae0 Thread added: 0x0000020f95d63f00
Event: 11.277 Thread 0x0000020ff4e61300 Thread added: 0x0000020f95d62fd0
Event: 11.297 Thread 0x0000020ff4e61300 Thread added: 0x0000020f95d64410
Event: 11.299 Thread 0x0000020f95d62fd0 Thread added: 0x0000020f95d64e30
Event: 11.299 Thread 0x0000020f95d62fd0 Thread added: 0x0000020f95d634e0
Event: 11.329 Thread 0x0000020ff4e61300 Thread added: 0x0000020f95d65340
Event: 11.332 Thread 0x0000020ff4e61300 Thread added: 0x0000020f967f73d0
Event: 11.333 Thread 0x0000020f95d65340 Thread added: 0x0000020f967f7df0
Event: 11.344 Thread 0x0000020f95d65340 Thread added: 0x0000020f967f78e0
Event: 11.458 Thread 0x0000020f95d634e0 Thread added: 0x0000020f967f8d20
Event: 13.460 Thread 0x0000020f95d66270 Thread exited: 0x0000020f95d66270
Event: 40.478 Thread 0x0000020f8f2c8950 Thread added: 0x0000020f95bbf740


Dynamic libraries:
0x00007ff7f4ca0000 - 0x00007ff7f4cae000 	C:\Users\Nurul Handayani\.katalon\packages\KS-10.1.1\jre\bin\javaw.exe
0x00007fffb1c30000 - 0x00007fffb1e47000 	C:\WINDOWS\SYSTEM32\ntdll.dll
0x00007fffb1280000 - 0x00007fffb1344000 	C:\WINDOWS\System32\KERNEL32.DLL
0x00007fffaee20000 - 0x00007fffaf1f3000 	C:\WINDOWS\System32\KERNELBASE.dll
0x00007fffaf570000 - 0x00007fffaf681000 	C:\WINDOWS\System32\ucrtbase.dll
0x00007fffa84b0000 - 0x00007fffa84c7000 	C:\Users\Nurul Handayani\.katalon\packages\KS-10.1.1\jre\bin\jli.dll
0x00007fff9cbd0000 - 0x00007fff9cbee000 	C:\Users\Nurul Handayani\.katalon\packages\KS-10.1.1\jre\bin\VCRUNTIME140.dll
0x00007fffb1350000 - 0x00007fffb1501000 	C:\WINDOWS\System32\USER32.dll
0x00007fff978a0000 - 0x00007fff97b38000 	C:\WINDOWS\WinSxS\amd64_microsoft.windows.common-controls_6595b64144ccf1df_6.0.22621.5124_none_270e8f4f7386d69d\COMCTL32.dll
0x00007fffaed40000 - 0x00007fffaed66000 	C:\WINDOWS\System32\win32u.dll
0x00007fffb17f0000 - 0x00007fffb1897000 	C:\WINDOWS\System32\msvcrt.dll
0x00007fffb1620000 - 0x00007fffb1649000 	C:\WINDOWS\System32\GDI32.dll
0x00007fffaf690000 - 0x00007fffaf7ab000 	C:\WINDOWS\System32\gdi32full.dll
0x00007fffaf7b0000 - 0x00007fffaf84a000 	C:\WINDOWS\System32\msvcp_win.dll
0x00007fffb11d0000 - 0x00007fffb1201000 	C:\WINDOWS\System32\IMM32.DLL
0x00007fffa9f60000 - 0x00007fffa9f6c000 	C:\Users\Nurul Handayani\.katalon\packages\KS-10.1.1\jre\bin\vcruntime140_1.dll
0x00007fff98fd0000 - 0x00007fff9905d000 	C:\Users\Nurul Handayani\.katalon\packages\KS-10.1.1\jre\bin\msvcp140.dll
0x00007fff366e0000 - 0x00007fff3734b000 	C:\Users\Nurul Handayani\.katalon\packages\KS-10.1.1\jre\bin\server\jvm.dll
0x00007fffb1680000 - 0x00007fffb1731000 	C:\WINDOWS\System32\ADVAPI32.dll
0x00007fffb1740000 - 0x00007fffb17e8000 	C:\WINDOWS\System32\sechost.dll
0x00007fffaedf0000 - 0x00007fffaee18000 	C:\WINDOWS\System32\bcrypt.dll
0x00007fffb0f90000 - 0x00007fffb10a4000 	C:\WINDOWS\System32\RPCRT4.dll
0x00007fffb15a0000 - 0x00007fffb1611000 	C:\WINDOWS\System32\WS2_32.dll
0x00007fffa8b40000 - 0x00007fffa8b74000 	C:\WINDOWS\SYSTEM32\WINMM.dll
0x00007fffa4f90000 - 0x00007fffa4f9a000 	C:\WINDOWS\SYSTEM32\VERSION.dll
0x00007fffae600000 - 0x00007fffae64d000 	C:\WINDOWS\SYSTEM32\POWRPROF.dll
0x00007fffae590000 - 0x00007fffae5a3000 	C:\WINDOWS\SYSTEM32\UMPDC.dll
0x00007fffadd70000 - 0x00007fffadd88000 	C:\WINDOWS\SYSTEM32\kernel.appcore.dll
0x00007fff9cc70000 - 0x00007fff9cc7a000 	C:\Users\Nurul Handayani\.katalon\packages\KS-10.1.1\jre\bin\jimage.dll
0x00007fffa5dd0000 - 0x00007fffa6002000 	C:\WINDOWS\SYSTEM32\DBGHELP.DLL
0x00007fffafa90000 - 0x00007fffafe22000 	C:\WINDOWS\System32\combase.dll
0x00007fffb18a0000 - 0x00007fffb1977000 	C:\WINDOWS\System32\OLEAUT32.dll
0x00007fffa4ea0000 - 0x00007fffa4ed2000 	C:\WINDOWS\SYSTEM32\dbgcore.DLL
0x00007fffaed70000 - 0x00007fffaedeb000 	C:\WINDOWS\System32\bcryptPrimitives.dll
0x00007fff87660000 - 0x00007fff87685000 	C:\Users\Nurul Handayani\.katalon\packages\KS-10.1.1\jre\bin\java.dll
0x00007fff905b0000 - 0x00007fff905c8000 	C:\Users\Nurul Handayani\.katalon\packages\KS-10.1.1\jre\bin\zip.dll
0x00007fffb0400000 - 0x00007fffb0c96000 	C:\WINDOWS\System32\SHELL32.dll
0x00007fffaf2c0000 - 0x00007fffaf3ff000 	C:\WINDOWS\System32\wintypes.dll
0x00007fffacc20000 - 0x00007fffad53a000 	C:\WINDOWS\SYSTEM32\windows.storage.dll
0x00007fffb1980000 - 0x00007fffb1a8a000 	C:\WINDOWS\System32\SHCORE.dll
0x00007fffb02b0000 - 0x00007fffb0313000 	C:\WINDOWS\System32\shlwapi.dll
0x00007fffaec70000 - 0x00007fffaec9b000 	C:\WINDOWS\SYSTEM32\profapi.dll
0x00007fff8e6e0000 - 0x00007fff8e6f9000 	C:\Users\Nurul Handayani\.katalon\packages\KS-10.1.1\jre\bin\net.dll
0x00007fffab9e0000 - 0x00007fffabb0c000 	C:\WINDOWS\SYSTEM32\WINHTTP.dll
0x00007fffae1f0000 - 0x00007fffae25a000 	C:\WINDOWS\system32\mswsock.dll
0x00007fff875b0000 - 0x00007fff875c6000 	C:\Users\Nurul Handayani\.katalon\packages\KS-10.1.1\jre\bin\nio.dll
0x00007fff99f30000 - 0x00007fff99f40000 	C:\Users\Nurul Handayani\.katalon\packages\KS-10.1.1\jre\bin\verify.dll
0x00007fff9f410000 - 0x00007fff9f419000 	C:\Users\Nurul Handayani\.katalon\packages\KS-10.1.1\jre\bin\extnet.dll
0x00007fffad7e0000 - 0x00007fffad8e2000 	C:\WINDOWS\SYSTEM32\DNSAPI.dll
0x00007fffad7b0000 - 0x00007fffad7dd000 	C:\WINDOWS\SYSTEM32\IPHLPAPI.DLL
0x00007fffb10b0000 - 0x00007fffb10b9000 	C:\WINDOWS\System32\NSI.dll
0x00007fffaa910000 - 0x00007fffaa91a000 	C:\Windows\System32\rasadhlp.dll
0x00007fffaa5b0000 - 0x00007fffaa633000 	C:\WINDOWS\System32\fwpuclnt.dll
0x00007fffae4b0000 - 0x00007fffae4cb000 	C:\WINDOWS\SYSTEM32\CRYPTSP.dll
0x00007fffadcd0000 - 0x00007fffadd07000 	C:\WINDOWS\system32\rsaenh.dll
0x00007fffae350000 - 0x00007fffae378000 	C:\WINDOWS\SYSTEM32\USERENV.dll
0x00007fffae4d0000 - 0x00007fffae4dc000 	C:\WINDOWS\SYSTEM32\CRYPTBASE.dll
0x00007fffaaaf0000 - 0x00007fffaab09000 	C:\WINDOWS\SYSTEM32\dhcpcsvc6.DLL
0x00007fffaaad0000 - 0x00007fffaaaef000 	C:\WINDOWS\SYSTEM32\dhcpcsvc.DLL
0x00007fff96460000 - 0x00007fff9646e000 	C:\Users\Nurul Handayani\.katalon\packages\KS-10.1.1\jre\bin\sunmscapi.dll
0x00007fffaf400000 - 0x00007fffaf567000 	C:\WINDOWS\System32\CRYPT32.dll
0x00007fffae6f0000 - 0x00007fffae71d000 	C:\WINDOWS\SYSTEM32\ncrypt.dll
0x00007fffae6b0000 - 0x00007fffae6e7000 	C:\WINDOWS\SYSTEM32\NTASN1.dll
0x00007fff9f400000 - 0x00007fff9f408000 	C:\WINDOWS\system32\wshunix.dll
0x00007fff945f0000 - 0x00007fff945fa000 	C:\Users\Nurul Handayani\.katalon\packages\KS-10.1.1\jre\bin\management.dll
0x00007fff94370000 - 0x00007fff9437b000 	C:\Users\Nurul Handayani\.katalon\packages\KS-10.1.1\jre\bin\management_ext.dll
0x00007fffb1650000 - 0x00007fffb1658000 	C:\WINDOWS\System32\PSAPI.DLL
0x00007fffade80000 - 0x00007fffadeb4000 	C:\WINDOWS\SYSTEM32\ntmarta.dll

dbghelp: loaded successfully - version: 4.0.5 - missing functions: none
symbol engine: initialized successfully - sym options: 0x614 - pdb path: .;C:\Users\Nurul Handayani\.katalon\packages\KS-10.1.1\jre\bin;C:\WINDOWS\SYSTEM32;C:\WINDOWS\WinSxS\amd64_microsoft.windows.common-controls_6595b64144ccf1df_6.0.22621.5124_none_270e8f4f7386d69d;C:\Users\Nurul Handayani\.katalon\packages\KS-10.1.1\jre\bin\server

VM Arguments:
jvm_args: -Dgroovy.home=C:\Users\Nurul Handayani/.groovy -Djava.system.class.loader=groovy.lang.GroovyClassLoader -Xmx2048m -Dfile.encoding=UTF-8 -XX:+ShowCodeDetailsInExceptionMessages 
java_command: org.codehaus.groovy.tools.GroovyStarter --classpath C:\Users\Nurul Handayani\Katalon Studio\Voila.id\bin\keyword;C:\Users\Nurul Handayani\Katalon Studio\Voila.id\Keywords;C:\Users\Nurul Handayani\Katalon Studio\Voila.id\bin\listener;C:\Users\Nurul Handayani\Katalon Studio\Voila.id\Test Listeners;C:\Users\Nurul Handayani\Katalon Studio\Voila.id\bin\lib;C:\Users\Nurul Handayani\Katalon Studio\Voila.id\Libs;C:\Users\Nurul Handayani\Katalon Studio\Voila.id\bin\groovy;C:\Users\Nurul Handayani\Katalon Studio\Voila.id\Include\scripts\groovy;C:\Users\Nurul Handayani\.katalon\packages\KS-10.1.1\plugins\com.kms.katalon.core_1.0.0.202503120557.jar;C:\Users\Nurul Handayani\.katalon\packages\KS-10.1.1\configuration\resources\lib\aalto-xml-1.0.0.jar;C:\Users\Nurul Handayani\.katalon\packages\KS-10.1.1\configuration\resources\lib\aspectjweaver-1.9.1.jar;C:\Users\Nurul Handayani\.katalon\packages\KS-10.1.1\configuration\resources\lib\aws-2.20.3-fat.jar;C:\Users\Nurul Handayani\.katalon\packages\KS-10.1.1\configuration\resources\lib\bcpkix-jdk15on-1.64.jar;C:\Users\Nurul Handayani\.katalon\packages\KS-10.1.1\configuration\resources\lib\bcprov-jdk15on-1.64.jar;C:\Users\Nurul Handayani\.katalon\packages\KS-10.1.1\configuration\resources\lib\browsermob-core-2.1.5.jar;C:\Users\Nurul Handayani\.katalon\packages\KS-10.1.1\configuration\resources\lib\byte-buddy-1.14.3.jar;C:\Users\Nurul Handayani\.katalon\packages\KS-10.1.1\configuration\resources\lib\byte-buddy-agent-1.14.3.jar;C:\Users\Nurul Handayani\.katalon\packages\KS-10.1.1\configuration\resources\lib\cglib-3.2.10.jar;C:\Users\Nurul Handayani\.katalon\packages\KS-10.1.1\configuration\resources\lib\commons-codec-1.10.jar;C:\Users\Nurul Handayani\.katalon\packages\KS-10.1.1\configuration\resources\lib\commons-collections4-4.1.jar;C:\Users\Nurul Handayani\.katalon\packages\KS-10.1.1\configuration\resources\lib\commons-validator-1.6.jar;C:\Users\Nurul Handayani\.katalon\packages\KS-10.1.1\configuration\resources\lib\curv
java_class_path (initial): C:\Users\Nurul Handayani\Katalon Studio\Voila.id\bin\keyword;C:\Users\Nurul Handayani\Katalon Studio\Voila.id\bin\listener;C:\Users\Nurul Handayani\Katalon Studio\Voila.id\bin\lib;C:\Users\Nurul Handayani\Katalon Studio\Voila.id\bin\groovy;C:\Users\Nurul Handayani\Katalon Studio\Voila.id\bin;C:\Users\Nurul Handayani\.katalon\packages\KS-10.1.1\plugins\com.kms.katalon.core_1.0.0.202503120557.jar;C:\Users\Nurul Handayani\.katalon\packages\KS-10.1.1\configuration\resources\lib\aalto-xml-1.0.0.jar;C:\Users\Nurul Handayani\.katalon\packages\KS-10.1.1\configuration\resources\lib\aspectjweaver-1.9.1.jar;C:\Users\Nurul Handayani\.katalon\packages\KS-10.1.1\configuration\resources\lib\aws-2.20.3-fat.jar;C:\Users\Nurul Handayani\.katalon\packages\KS-10.1.1\configuration\resources\lib\bcpkix-jdk15on-1.64.jar;C:\Users\Nurul Handayani\.katalon\packages\KS-10.1.1\configuration\resources\lib\bcprov-jdk15on-1.64.jar;C:\Users\Nurul Handayani\.katalon\packages\KS-10.1.1\configuration\resources\lib\browsermob-core-2.1.5.jar;C:\Users\Nurul Handayani\.katalon\packages\KS-10.1.1\configuration\resources\lib\byte-buddy-1.14.3.jar;C:\Users\Nurul Handayani\.katalon\packages\KS-10.1.1\configuration\resources\lib\byte-buddy-agent-1.14.3.jar;C:\Users\Nurul Handayani\.katalon\packages\KS-10.1.1\configuration\resources\lib\cglib-3.2.10.jar;C:\Users\Nurul Handayani\.katalon\packages\KS-10.1.1\configuration\resources\lib\commons-codec-1.10.jar;C:\Users\Nurul Handayani\.katalon\packages\KS-10.1.1\configuration\resources\lib\commons-collections4-4.1.jar;C:\Users\Nurul Handayani\.katalon\packages\KS-10.1.1\configuration\resources\lib\commons-validator-1.6.jar;C:\Users\Nurul Handayani\.katalon\packages\KS-10.1.1\configuration\resources\lib\curvesapi-1.04.jar;C:\Users\Nurul Handayani\.katalon\packages\KS-10.1.1\configuration\resources\lib\dnsjava-3.6.2.jar;C:\Users\Nurul Handayani\.katalon\packages\KS-10.1.1\configuration\resources\lib\groovy-3.0.17.jar;C:\Users\Nurul Handay
Launcher Type: SUN_STANDARD

[Global flags]
     intx CICompilerCount                          = 4                                         {product} {ergonomic}
     uint ConcGCThreads                            = 3                                         {product} {ergonomic}
     uint G1ConcRefinementThreads                  = 10                                        {product} {ergonomic}
   size_t G1HeapRegionSize                         = 1048576                                   {product} {ergonomic}
    uintx GCDrainStackTargetSize                   = 64                                        {product} {ergonomic}
   size_t InitialHeapSize                          = 123731968                                 {product} {ergonomic}
   size_t MarkStackSize                            = 4194304                                   {product} {ergonomic}
   size_t MaxHeapSize                              = 2147483648                                {product} {command line}
   size_t MaxNewSize                               = 1287651328                                {product} {ergonomic}
   size_t MinHeapDeltaBytes                        = 1048576                                   {product} {ergonomic}
   size_t MinHeapSize                              = 8388608                                   {product} {ergonomic}
    uintx NonNMethodCodeHeapSize                   = 5839372                                {pd product} {ergonomic}
    uintx NonProfiledCodeHeapSize                  = 122909434                              {pd product} {ergonomic}
    uintx ProfiledCodeHeapSize                     = 122909434                              {pd product} {ergonomic}
    uintx ReservedCodeCacheSize                    = 251658240                              {pd product} {ergonomic}
     bool SegmentedCodeCache                       = true                                      {product} {ergonomic}
     bool ShowCodeDetailsInExceptionMessages       = true                                   {manageable} {command line}
   size_t SoftMaxHeapSize                          = 2147483648                             {manageable} {ergonomic}
     bool UseCompressedClassPointers               = true                           {product lp64_product} {ergonomic}
     bool UseCompressedOops                        = true                           {product lp64_product} {ergonomic}
     bool UseG1GC                                  = true                                      {product} {ergonomic}
     bool UseLargePagesIndividualAllocation        = false                                  {pd product} {ergonomic}

Logging:
Log output configuration:
 #0: stdout all=warning uptime,level,tags
 #1: stderr all=off uptime,level,tags

Environment Variables:
JAVA_HOME=C:\Program Files\Java\jdk-21
PATH=C:/Users/Nurul Handayani/.katalon/packages/KS-10.1.1/jre/bin/server;C:/Users/Nurul Handayani/.katalon/packages/KS-10.1.1/jre/bin;c:\Users\Nurul Handayani\AppData\Local\Programs\cursor\resources\app\bin;C:\WINDOWS\system32;C:\WINDOWS;C:\WINDOWS\System32\Wbem;C:\WINDOWS\System32\WindowsPowerShell\v1.0\;C:\WINDOWS\System32\OpenSSH\;C:\Program Files\Git\cmd;C:\Program Files\nodejs\;C:\Users\Nurul Handayani\AppData\Local\Programs\Python\Python312\Scripts\;C:\Users\Nurul Handayani\AppData\Local\Programs\Python\Python312\;C:\Users\Nurul Handayani\AppData\Local\Microsoft\WindowsApps;C:\Users\Nurul Handayani\AppData\Roaming\npm;C:\Users\Nurul Handayani\AppData\Local\GitHubDesktop\bin;C:\Users\Nurul Handayani\AppData\Local\Programs\Microsoft VS Code\bin;C:\Program Files\Java\jdk-21\bin;C:\Users\Nurul Handayani\AppData\Local\Android\Sdk\platform-tools;C:\Users\Nurul Handayani\OneDrive\Documents\apache-jmeter-5.6.3\bin;C:\Program Files\MySQL\MySQL Server 8.0\bin;C:\Users\Nurul Handayani\AppData\Local\Programs\Python\Python312\Scripts\;C:\Users\Nurul Handayani\AppData\Local\Programs\Python\Python312\;C:\Users\Nurul Handayani\AppData\Local\Microsoft\WindowsApps;C:\Users\Nurul Handayani\AppData\Local\Programs\Microsoft VS Code\bin;C:\Users\Nurul Handayani\AppData\Roaming\npm;C:\Users\Nurul Handayani\AppData\Local\GitHubDesktop\bin;C:\Users\Nurul Handayani\.katalon\packages\KS-10.1.1;
USERNAME=Nurul Handayani
OS=Windows_NT
PROCESSOR_IDENTIFIER=AMD64 Family 23 Model 104 Stepping 1, AuthenticAMD
TMP=C:\Users\NURULH~1\AppData\Local\Temp
TEMP=C:\Users\NURULH~1\AppData\Local\Temp



Periodic native trim disabled


---------------  S Y S T E M  ---------------

OS:
 Windows 11 , 64 bit Build 22621 (10.0.22621.5124)
OS uptime: 11 days 13:12 hours
Hyper-V role detected

CPU: total 12 (initial active 12) (12 cores per cpu, 2 threads per core) family 23 model 104 stepping 1 microcode 0x0, cx8, cmov, fxsr, ht, mmx, 3dnowpref, sse, sse2, sse3, ssse3, sse4a, sse4.1, sse4.2, popcnt, lzcnt, tsc, tscinvbit, avx, avx2, aes, clmul, bmi1, bmi2, adx, sha, fma, vzeroupper, clflush, clflushopt, hv
Processor Information for processor 0
  Max Mhz: 2100, Current Mhz: 2100, Mhz Limit: 2100
Processor Information for processor 1
  Max Mhz: 2100, Current Mhz: 2100, Mhz Limit: 2100
Processor Information for processor 2
  Max Mhz: 2100, Current Mhz: 2100, Mhz Limit: 2100
Processor Information for processor 3
  Max Mhz: 2100, Current Mhz: 2100, Mhz Limit: 2100
Processor Information for processor 4
  Max Mhz: 2100, Current Mhz: 2100, Mhz Limit: 2100
Processor Information for processor 5
  Max Mhz: 2100, Current Mhz: 2100, Mhz Limit: 2100
Processor Information for processor 6
  Max Mhz: 2100, Current Mhz: 2100, Mhz Limit: 2100
Processor Information for processor 7
  Max Mhz: 2100, Current Mhz: 2100, Mhz Limit: 2100
Processor Information for processor 8
  Max Mhz: 2100, Current Mhz: 2100, Mhz Limit: 2100
Processor Information for processor 9
  Max Mhz: 2100, Current Mhz: 2100, Mhz Limit: 2100
Processor Information for processor 10
  Max Mhz: 2100, Current Mhz: 1813, Mhz Limit: 2100
Processor Information for processor 11
  Max Mhz: 2100, Current Mhz: 1813, Mhz Limit: 2100

Memory: 4k page, system-wide physical 7502M (699M free)
TotalPageFile size 30030M (AvailPageFile size 36M)
current process WorkingSet (physical memory assigned to process): 205M, peak: 255M
current process commit charge ("private bytes"): 298M, peak: 303M

vm_info: OpenJDK 64-Bit Server VM (17.0.14+7) for windows-amd64 JRE (17.0.14+7), built on Jan 21 2025 23:40:15 by "admin" with MS VC++ 17.7 (VS2022)

END.
